# JRE version: OpenJDK Runtime Environment Microsoft-11933218 (21.0.8+9) (build 21.0.8+9-LTS)
# Java VM: OpenJDK 64-Bit Server VM Microsoft-11933218 (21.0.8+9-LTS, mixed mode, emulated-client, sharing, tiered, compressed oops, compressed class ptrs, g1 gc, windows-amd64)
GC Precious Log:
 CardTable entry size: 512
 Card Set container configuration: InlinePtr #cards 4 size 8 Array Of Cards #cards 16 size 48 Howl #buckets 8 coarsen threshold 3686 Howl Bitmap #cards 512 size 80 coarsen threshold 460 Card regions per heap region 1 cards per card region 4096
 CPUs: 12 total, 12 available
 Memory: 16024M
 Large Page Support: Disabled
 NUMA Support: Disabled
 Compressed Oops: Enabled (Zero based)
 Heap Region Size: 2M
 Heap Min Capacity: 8M
 Heap Initial Capacity: 252M
 Heap Max Capacity: 4008M
 Pre-touch: Disabled
 Parallel Workers: 10
 Concurrent Workers: 3
 Concurrent Refinement Workers: 10
 Periodic GC: Disabled
Heap:
 garbage-first heap   total 258048K, used 54641K [0x0000000705800000, 0x0000000800000000)
  region size 2048K, 2 young (4096K), 2 survivors (4096K)
 Metaspace       used 51154K, committed 51968K, reserved 1114112K
  class space    used 7313K, committed 7680K, reserved 1048576K
GC Heap History (20 events):
Event: 4.263 GC heap after
{Heap after GC invocations=7 (full 0):
 garbage-first heap   total 59392K, used 19477K [0x0000000705800000, 0x0000000800000000)
  region size 2048K, 3 young (6144K), 3 survivors (6144K)
 Metaspace       used 34465K, committed 35072K, reserved 1114112K
  class space    used 4902K, committed 5184K, reserved 1048576K
}
Event: 4.364 GC heap before
{Heap before GC invocations=7 (full 0):
 garbage-first heap   total 59392K, used 23573K [0x0000000705800000, 0x0000000800000000)
  region size 2048K, 6 young (12288K), 3 survivors (6144K)
 Metaspace       used 35390K, committed 35968K, reserved 1114112K
  class space    used 5030K, committed 5248K, reserved 1048576K
}
Event: 4.367 GC heap after
{Heap after GC invocations=8 (full 0):
 garbage-first heap   total 59392K, used 20707K [0x0000000705800000, 0x0000000800000000)
  region size 2048K, 1 young (2048K), 1 survivors (2048K)
 Metaspace       used 35390K, committed 35968K, reserved 1114112K
  class space    used 5030K, committed 5248K, reserved 1048576K
}
Event: 4.822 GC heap before
{Heap before GC invocations=9 (full 0):
 garbage-first heap   total 59392K, used 47331K [0x0000000705800000, 0x0000000800000000)
  region size 2048K, 14 young (28672K), 1 survivors (2048K)
 Metaspace       used 39033K, committed 39616K, reserved 1114112K
  class space    used 5604K, committed 5888K, reserved 1048576K
}
Event: 4.824 GC heap after
{Heap after GC invocations=10 (full 0):
 garbage-first heap   total 59392K, used 22800K [0x0000000705800000, 0x0000000800000000)
  region size 2048K, 2 young (4096K), 2 survivors (4096K)
 Metaspace       used 39033K, committed 39616K, reserved 1114112K
  class space    used 5604K, committed 5888K, reserved 1048576K
}
Event: 5.281 GC heap before
{Heap before GC invocations=10 (full 0):
 garbage-first heap   total 59392K, used 47376K [0x0000000705800000, 0x0000000800000000)
  region size 2048K, 14 young (28672K), 2 survivors (4096K)
 Metaspace       used 42371K, committed 43072K, reserved 1114112K
  class space    used 6095K, committed 6400K, reserved 1048576K
}
Event: 5.285 GC heap after
{Heap after GC invocations=11 (full 0):
 garbage-first heap   total 59392K, used 24894K [0x0000000705800000, 0x0000000800000000)
  region size 2048K, 2 young (4096K), 2 survivors (4096K)
 Metaspace       used 42371K, committed 43072K, reserved 1114112K
  class space    used 6095K, committed 6400K, reserved 1048576K
}
Event: 14.576 GC heap before
{Heap before GC invocations=11 (full 0):
 garbage-first heap   total 59392K, used 45374K [0x0000000705800000, 0x0000000800000000)
  region size 2048K, 13 young (26624K), 2 survivors (4096K)
 Metaspace       used 47503K, committed 48256K, reserved 1114112K
  class space    used 6761K, committed 7104K, reserved 1048576K
}
Event: 14.581 GC heap after
{Heap after GC invocations=12 (full 0):
 garbage-first heap   total 59392K, used 26500K [0x0000000705800000, 0x0000000800000000)
  region size 2048K, 2 young (4096K), 2 survivors (4096K)
 Metaspace       used 47503K, committed 48256K, reserved 1114112K
  class space    used 6761K, committed 7104K, reserved 1048576K
}
Event: 14.871 GC heap before
{Heap before GC invocations=12 (full 0):
 garbage-first heap   total 59392K, used 36740K [0x0000000705800000, 0x0000000800000000)
  region size 2048K, 9 young (18432K), 2 survivors (4096K)
 Metaspace       used 50268K, committed 51008K, reserved 1114112K
  class space    used 7181K, committed 7488K, reserved 1048576K
}
Event: 14.876 GC heap after
{Heap after GC invocations=13 (full 0):
 garbage-first heap   total 59392K, used 26920K [0x0000000705800000, 0x0000000800000000)
  region size 2048K, 2 young (4096K), 2 survivors (4096K)
 Metaspace       used 50268K, committed 51008K, reserved 1114112K
  class space    used 7181K, committed 7488K, reserved 1048576K
}
Event: 14.902 GC heap before
{Heap before GC invocations=13 (full 0):
 garbage-first heap   total 59392K, used 33064K [0x0000000705800000, 0x0000000800000000)
  region size 2048K, 3 young (6144K), 2 survivors (4096K)
 Metaspace       used 50512K, committed 51264K, reserved 1114112K
  class space    used 7212K, committed 7552K, reserved 1048576K
}
Event: 14.905 GC heap after
{Heap after GC invocations=14 (full 0):
 garbage-first heap   total 159744K, used 33497K [0x0000000705800000, 0x0000000800000000)
  region size 2048K, 2 young (4096K), 2 survivors (4096K)
 Metaspace       used 50512K, committed 51264K, reserved 1114112K
  class space    used 7212K, committed 7552K, reserved 1048576K
}
Event: 14.963 GC heap before
{Heap before GC invocations=14 (full 0):
 garbage-first heap   total 159744K, used 74457K [0x0000000705800000, 0x0000000800000000)
  region size 2048K, 7 young (14336K), 2 survivors (4096K)
 Metaspace       used 51025K, committed 51776K, reserved 1114112K
  class space    used 7291K, committed 7616K, reserved 1048576K
}
Event: 14.966 GC heap after
{Heap after GC invocations=15 (full 0):
 garbage-first heap   total 159744K, used 44201K [0x0000000705800000, 0x0000000800000000)
  region size 2048K, 2 young (4096K), 2 survivors (4096K)
 Metaspace       used 51025K, committed 51776K, reserved 1114112K
  class space    used 7291K, committed 7616K, reserved 1048576K
}
Event: 14.975 GC heap before
{Heap before GC invocations=15 (full 0):
 garbage-first heap   total 159744K, used 70825K [0x0000000705800000, 0x0000000800000000)
  region size 2048K, 3 young (6144K), 2 survivors (4096K)
 Metaspace       used 51100K, committed 51840K, reserved 1114112K
  class space    used 7303K, committed 7616K, reserved 1048576K
}
Event: 14.977 GC heap after
{Heap after GC invocations=16 (full 0):
 garbage-first heap   total 159744K, used 54480K [0x0000000705800000, 0x0000000800000000)
  region size 2048K, 2 young (4096K), 2 survivors (4096K)
 Metaspace       used 51100K, committed 51840K, reserved 1114112K
  class space    used 7303K, committed 7616K, reserved 1048576K
}
Event: 14.982 GC heap before
{Heap before GC invocations=16 (full 0):
 garbage-first heap   total 159744K, used 74960K [0x0000000705800000, 0x0000000800000000)
  region size 2048K, 3 young (6144K), 2 survivors (4096K)
 Metaspace       used 51134K, committed 51840K, reserved 1114112K
  class space    used 7309K, committed 7616K, reserved 1048576K
}
Event: 14.984 GC heap after
{Heap after GC invocations=17 (full 0):
 garbage-first heap   total 159744K, used 64762K [0x0000000705800000, 0x0000000800000000)
  region size 2048K, 2 young (4096K), 2 survivors (4096K)
 Metaspace       used 51134K, committed 51840K, reserved 1114112K
  class space    used 7309K, committed 7616K, reserved 1048576K
}
Event: 14.987 GC heap before
{Heap before GC invocations=17 (full 0):
 garbage-first heap   total 159744K, used 75002K [0x0000000705800000, 0x0000000800000000)
  region size 2048K, 3 young (6144K), 2 survivors (4096K)
 Metaspace       used 51154K, committed 51968K, reserved 1114112K
  class space    used 7313K, committed 7680K, reserved 1048576K
}

