# JRE version: OpenJDK Runtime Environment Microsoft-11933218 (21.0.8+9) (build 21.0.8+9-LTS)
# Java VM: OpenJDK 64-Bit Server VM Microsoft-11933218 (21.0.8+9-LTS, mixed mode, sharing, tiered, compressed oops, compressed class ptrs, g1 gc, windows-amd64)
GC Precious Log:
 CardTable entry size: 512
 Card Set container configuration: InlinePtr #cards 4 size 8 Array Of Cards #cards 16 size 48 Howl #buckets 8 coarsen threshold 3686 Howl Bitmap #cards 512 size 80 coarsen threshold 460 Card regions per heap region 1 cards per card region 4096
 CPUs: 12 total, 12 available
 Memory: 16024M
 Large Page Support: Disabled
 NUMA Support: Disabled
 Compressed Oops: Enabled (Zero based)
 Heap Region Size: 2M
 Heap Min Capacity: 8M
 Heap Initial Capacity: 252M
 Heap Max Capacity: 4008M
 Pre-touch: Disabled
 Parallel Workers: 10
 Concurrent Workers: 3
 Concurrent Refinement Workers: 10
 Periodic GC: Disabled
Heap:
 garbage-first heap   total 110592K, used 39690K [0x0000000705800000, 0x0000000800000000)
  region size 2048K, 2 young (4096K), 1 survivors (2048K)
 Metaspace       used 60152K, committed 60928K, reserved 1114112K
  class space    used 7582K, committed 7936K, reserved 1048576K
GC Heap History (20 events):
Event: 2076.707 GC heap before
{Heap before GC invocations=23 (full 0):
 garbage-first heap   total 149504K, used 99084K [0x0000000705800000, 0x0000000800000000)
  region size 2048K, 18 young (36864K), 2 survivors (4096K)
 Metaspace       used 59656K, committed 60480K, reserved 1114112K
  class space    used 7540K, committed 7936K, reserved 1048576K
}
Event: 2076.710 GC heap after
{Heap after GC invocations=24 (full 0):
 garbage-first heap   total 149504K, used 30356K [0x0000000705800000, 0x0000000800000000)
  region size 2048K, 2 young (4096K), 2 survivors (4096K)
 Metaspace       used 59656K, committed 60480K, reserved 1114112K
  class space    used 7540K, committed 7936K, reserved 1048576K
}
Event: 2255.108 GC heap before
{Heap before GC invocations=24 (full 0):
 garbage-first heap   total 149504K, used 48788K [0x0000000705800000, 0x0000000800000000)
  region size 2048K, 8 young (16384K), 2 survivors (4096K)
 Metaspace       used 59668K, committed 60480K, reserved 1114112K
  class space    used 7540K, committed 7936K, reserved 1048576K
}
Event: 2255.110 GC heap after
{Heap after GC invocations=25 (full 0):
 garbage-first heap   total 149504K, used 26745K [0x0000000705800000, 0x0000000800000000)
  region size 2048K, 2 young (4096K), 2 survivors (4096K)
 Metaspace       used 59668K, committed 60480K, reserved 1114112K
  class space    used 7540K, committed 7936K, reserved 1048576K
}
Event: 2504.398 GC heap before
{Heap before GC invocations=26 (full 0):
 garbage-first heap   total 96256K, used 92281K [0x0000000705800000, 0x0000000800000000)
  region size 2048K, 19 young (38912K), 2 survivors (4096K)
 Metaspace       used 59659K, committed 60544K, reserved 1114112K
  class space    used 7538K, committed 7936K, reserved 1048576K
}
Event: 2504.402 GC heap after
{Heap after GC invocations=27 (full 0):
 garbage-first heap   total 100352K, used 28750K [0x0000000705800000, 0x0000000800000000)
  region size 2048K, 2 young (4096K), 2 survivors (4096K)
 Metaspace       used 59659K, committed 60544K, reserved 1114112K
  class space    used 7538K, committed 7936K, reserved 1048576K
}
Event: 2584.203 GC heap before
{Heap before GC invocations=27 (full 0):
 garbage-first heap   total 104448K, used 100430K [0x0000000705800000, 0x0000000800000000)
  region size 2048K, 18 young (36864K), 2 survivors (4096K)
 Metaspace       used 59697K, committed 60544K, reserved 1114112K
  class space    used 7538K, committed 7936K, reserved 1048576K
}
Event: 2584.207 GC heap after
{Heap after GC invocations=28 (full 0):
 garbage-first heap   total 110592K, used 28271K [0x0000000705800000, 0x0000000800000000)
  region size 2048K, 2 young (4096K), 2 survivors (4096K)
 Metaspace       used 59697K, committed 60544K, reserved 1114112K
  class space    used 7538K, committed 7936K, reserved 1048576K
}
Event: 3105.615 GC heap before
{Heap before GC invocations=28 (full 0):
 garbage-first heap   total 110592K, used 95855K [0x0000000705800000, 0x0000000800000000)
  region size 2048K, 26 young (53248K), 2 survivors (4096K)
 Metaspace       used 59742K, committed 60544K, reserved 1114112K
  class space    used 7538K, committed 7936K, reserved 1048576K
}
Event: 3105.619 GC heap after
{Heap after GC invocations=29 (full 0):
 garbage-first heap   total 110592K, used 30469K [0x0000000705800000, 0x0000000800000000)
  region size 2048K, 2 young (4096K), 2 survivors (4096K)
 Metaspace       used 59742K, committed 60544K, reserved 1114112K
  class space    used 7538K, committed 7936K, reserved 1048576K
}
Event: 3961.044 GC heap before
{Heap before GC invocations=29 (full 0):
 garbage-first heap   total 110592K, used 102149K [0x0000000705800000, 0x0000000800000000)
  region size 2048K, 29 young (59392K), 2 survivors (4096K)
 Metaspace       used 59835K, committed 60672K, reserved 1114112K
  class space    used 7538K, committed 7936K, reserved 1048576K
}
Event: 3961.047 GC heap after
{Heap after GC invocations=30 (full 0):
 garbage-first heap   total 110592K, used 26407K [0x0000000705800000, 0x0000000800000000)
  region size 2048K, 1 young (2048K), 1 survivors (2048K)
 Metaspace       used 59835K, committed 60672K, reserved 1114112K
  class space    used 7538K, committed 7936K, reserved 1048576K
}
Event: 3976.816 GC heap before
{Heap before GC invocations=30 (full 0):
 garbage-first heap   total 110592K, used 67367K [0x0000000705800000, 0x0000000800000000)
  region size 2048K, 12 young (24576K), 1 survivors (2048K)
 Metaspace       used 59869K, committed 60672K, reserved 1114112K
  class space    used 7538K, committed 7936K, reserved 1048576K
}
Event: 3976.819 GC heap after
{Heap after GC invocations=31 (full 0):
 garbage-first heap   total 110592K, used 29878K [0x0000000705800000, 0x0000000800000000)
  region size 2048K, 1 young (2048K), 1 survivors (2048K)
 Metaspace       used 59869K, committed 60672K, reserved 1114112K
  class space    used 7538K, committed 7936K, reserved 1048576K
}
Event: 4039.583 GC heap before
{Heap before GC invocations=31 (full 0):
 garbage-first heap   total 110592K, used 68790K [0x0000000705800000, 0x0000000800000000)
  region size 2048K, 12 young (24576K), 1 survivors (2048K)
 Metaspace       used 60145K, committed 60928K, reserved 1114112K
  class space    used 7581K, committed 7936K, reserved 1048576K
}
Event: 4039.585 GC heap after
{Heap after GC invocations=32 (full 0):
 garbage-first heap   total 110592K, used 28781K [0x0000000705800000, 0x0000000800000000)
  region size 2048K, 1 young (2048K), 1 survivors (2048K)
 Metaspace       used 60145K, committed 60928K, reserved 1114112K
  class space    used 7581K, committed 7936K, reserved 1048576K
}
Event: 4039.599 GC heap before
{Heap before GC invocations=32 (full 0):
 garbage-first heap   total 110592K, used 61549K [0x0000000705800000, 0x0000000800000000)
  region size 2048K, 9 young (18432K), 1 survivors (2048K)
 Metaspace       used 60148K, committed 60928K, reserved 1114112K
  class space    used 7582K, committed 7936K, reserved 1048576K
}
Event: 4039.601 GC heap after
{Heap after GC invocations=33 (full 0):
 garbage-first heap   total 110592K, used 42427K [0x0000000705800000, 0x0000000800000000)
  region size 2048K, 1 young (2048K), 1 survivors (2048K)
 Metaspace       used 60148K, committed 60928K, reserved 1114112K
  class space    used 7582K, committed 7936K, reserved 1048576K
}
Event: 4039.623 GC heap before
{Heap before GC invocations=33 (full 0):
 garbage-first heap   total 110592K, used 54715K [0x0000000705800000, 0x0000000800000000)
  region size 2048K, 6 young (12288K), 1 survivors (2048K)
 Metaspace       used 60152K, committed 60928K, reserved 1114112K
  class space    used 7582K, committed 7936K, reserved 1048576K
}
Event: 4039.625 GC heap after
{Heap after GC invocations=34 (full 0):
 garbage-first heap   total 110592K, used 33546K [0x0000000705800000, 0x0000000800000000)
  region size 2048K, 1 young (2048K), 1 survivors (2048K)
 Metaspace       used 60152K, committed 60928K, reserved 1114112K
  class space    used 7582K, committed 7936K, reserved 1048576K
}

