# JRE version: OpenJDK Runtime Environment Microsoft-11933218 (21.0.8+9) (build 21.0.8+9-LTS)
# Java VM: OpenJDK 64-Bit Server VM Microsoft-11933218 (21.0.8+9-LTS, mixed mode, emulated-client, sharing, tiered, compressed oops, compressed class ptrs, g1 gc, windows-amd64)
GC Precious Log:
 CardTable entry size: 512
 Card Set container configuration: InlinePtr #cards 4 size 8 Array Of Cards #cards 16 size 48 Howl #buckets 8 coarsen threshold 3686 Howl Bitmap #cards 512 size 80 coarsen threshold 460 Card regions per heap region 1 cards per card region 4096
 CPUs: 12 total, 12 available
 Memory: 16024M
 Large Page Support: Disabled
 NUMA Support: Disabled
 Compressed Oops: Enabled (Zero based)
 Heap Region Size: 2M
 Heap Min Capacity: 8M
 Heap Initial Capacity: 252M
 Heap Max Capacity: 4008M
 Pre-touch: Disabled
 Parallel Workers: 10
 Concurrent Workers: 3
 Concurrent Refinement Workers: 10
 Periodic GC: Disabled
Heap:
 garbage-first heap   total 227328K, used 25993K [0x0000000705800000, 0x0000000800000000)
  region size 2048K, 1 young (2048K), 1 survivors (2048K)
 Metaspace       used 52344K, committed 52992K, reserved 1114112K
  class space    used 7453K, committed 7744K, reserved 1048576K
GC Heap History (20 events):
Event: 194.941 GC heap after
{Heap after GC invocations=19 (full 0):
 garbage-first heap   total 182272K, used 31607K [0x0000000705800000, 0x0000000800000000)
  region size 2048K, 1 young (2048K), 1 survivors (2048K)
 Metaspace       used 51930K, committed 52864K, reserved 1114112K
  class space    used 7360K, committed 7744K, reserved 1048576K
}
Event: 197.673 GC heap before
{Heap before GC invocations=19 (full 0):
 garbage-first heap   total 258048K, used 254839K [0x0000000705800000, 0x0000000800000000)
  region size 2048K, 11 young (22528K), 1 survivors (2048K)
 Metaspace       used 52055K, committed 52864K, reserved 1114112K
  class space    used 7391K, committed 7744K, reserved 1048576K
}
Event: 197.678 GC heap after
{Heap after GC invocations=20 (full 0):
 garbage-first heap   total 264192K, used 45539K [0x0000000705800000, 0x0000000800000000)
  region size 2048K, 2 young (4096K), 2 survivors (4096K)
 Metaspace       used 52055K, committed 52864K, reserved 1114112K
  class space    used 7391K, committed 7744K, reserved 1048576K
}
Event: 197.680 GC heap before
{Heap before GC invocations=20 (full 0):
 garbage-first heap   total 264192K, used 45539K [0x0000000705800000, 0x0000000800000000)
  region size 2048K, 3 young (6144K), 2 survivors (4096K)
 Metaspace       used 52055K, committed 52864K, reserved 1114112K
  class space    used 7391K, committed 7744K, reserved 1048576K
}
Event: 197.682 GC heap after
{Heap after GC invocations=21 (full 0):
 garbage-first heap   total 264192K, used 45478K [0x0000000705800000, 0x0000000800000000)
  region size 2048K, 2 young (4096K), 2 survivors (4096K)
 Metaspace       used 52055K, committed 52864K, reserved 1114112K
  class space    used 7391K, committed 7744K, reserved 1048576K
}
Event: 207.150 GC heap before
{Heap before GC invocations=22 (full 0):
 garbage-first heap   total 217088K, used 213414K [0x0000000705800000, 0x0000000800000000)
  region size 2048K, 10 young (20480K), 2 survivors (4096K)
 Metaspace       used 52277K, committed 52928K, reserved 1114112K
  class space    used 7436K, committed 7744K, reserved 1048576K
}
Event: 207.153 GC heap after
{Heap after GC invocations=23 (full 0):
 garbage-first heap   total 266240K, used 38949K [0x0000000705800000, 0x0000000800000000)
  region size 2048K, 2 young (4096K), 2 survivors (4096K)
 Metaspace       used 52277K, committed 52928K, reserved 1114112K
  class space    used 7436K, committed 7744K, reserved 1048576K
}
Event: 211.825 GC heap before
{Heap before GC invocations=23 (full 0):
 garbage-first heap   total 344064K, used 340005K [0x0000000705800000, 0x0000000800000000)
  region size 2048K, 10 young (20480K), 2 survivors (4096K)
 Metaspace       used 52277K, committed 52928K, reserved 1114112K
  class space    used 7436K, committed 7744K, reserved 1048576K
}
Event: 211.834 GC heap after
{Heap after GC invocations=24 (full 0):
 garbage-first heap   total 350208K, used 34163K [0x0000000705800000, 0x0000000800000000)
  region size 2048K, 2 young (4096K), 2 survivors (4096K)
 Metaspace       used 52277K, committed 52928K, reserved 1114112K
  class space    used 7436K, committed 7744K, reserved 1048576K
}
Event: 345.612 GC heap before
{Heap before GC invocations=24 (full 0):
 garbage-first heap   total 350208K, used 46451K [0x0000000705800000, 0x0000000800000000)
  region size 2048K, 9 young (18432K), 2 survivors (4096K)
 Metaspace       used 52277K, committed 52928K, reserved 1114112K
  class space    used 7436K, committed 7744K, reserved 1048576K
}
Event: 345.614 GC heap after
{Heap after GC invocations=25 (full 0):
 garbage-first heap   total 350208K, used 26046K [0x0000000705800000, 0x0000000800000000)
  region size 2048K, 2 young (4096K), 2 survivors (4096K)
 Metaspace       used 52277K, committed 52928K, reserved 1114112K
  class space    used 7436K, committed 7744K, reserved 1048576K
}
Event: 345.711 GC heap before
{Heap before GC invocations=26 (full 0):
 garbage-first heap   total 192512K, used 187838K [0x0000000705800000, 0x0000000800000000)
  region size 2048K, 6 young (12288K), 2 survivors (4096K)
 Metaspace       used 52279K, committed 52928K, reserved 1114112K
  class space    used 7437K, committed 7744K, reserved 1048576K
}
Event: 345.713 GC heap after
{Heap after GC invocations=27 (full 0):
 garbage-first heap   total 196608K, used 38787K [0x0000000705800000, 0x0000000800000000)
  region size 2048K, 2 young (4096K), 2 survivors (4096K)
 Metaspace       used 52279K, committed 52928K, reserved 1114112K
  class space    used 7437K, committed 7744K, reserved 1048576K
}
Event: 353.337 GC heap before
{Heap before GC invocations=27 (full 0):
 garbage-first heap   total 221184K, used 216963K [0x0000000705800000, 0x0000000800000000)
  region size 2048K, 11 young (22528K), 2 survivors (4096K)
 Metaspace       used 52314K, committed 52928K, reserved 1114112K
  class space    used 7445K, committed 7744K, reserved 1048576K
}
Event: 353.343 GC heap after
{Heap after GC invocations=28 (full 0):
 garbage-first heap   total 227328K, used 36869K [0x0000000705800000, 0x0000000800000000)
  region size 2048K, 2 young (4096K), 2 survivors (4096K)
 Metaspace       used 52314K, committed 52928K, reserved 1114112K
  class space    used 7445K, committed 7744K, reserved 1048576K
}
Event: 353.346 GC heap before
{Heap before GC invocations=28 (full 0):
 garbage-first heap   total 227328K, used 36869K [0x0000000705800000, 0x0000000800000000)
  region size 2048K, 4 young (8192K), 2 survivors (4096K)
 Metaspace       used 52314K, committed 52928K, reserved 1114112K
  class space    used 7445K, committed 7744K, reserved 1048576K
}
Event: 353.349 GC heap after
{Heap after GC invocations=29 (full 0):
 garbage-first heap   total 227328K, used 37829K [0x0000000705800000, 0x0000000800000000)
  region size 2048K, 2 young (4096K), 2 survivors (4096K)
 Metaspace       used 52314K, committed 52928K, reserved 1114112K
  class space    used 7445K, committed 7744K, reserved 1048576K
}
Event: 353.464 GC heap before
{Heap before GC invocations=30 (full 0):
 garbage-first heap   total 196608K, used 193477K [0x0000000705800000, 0x0000000800000000)
  region size 2048K, 6 young (12288K), 2 survivors (4096K)
 Metaspace       used 52343K, committed 52992K, reserved 1114112K
  class space    used 7453K, committed 7744K, reserved 1048576K
}
Event: 353.467 GC heap after
{Heap after GC invocations=31 (full 0):
 garbage-first heap   total 200704K, used 43801K [0x0000000705800000, 0x0000000800000000)
  region size 2048K, 2 young (4096K), 2 survivors (4096K)
 Metaspace       used 52343K, committed 52992K, reserved 1114112K
  class space    used 7453K, committed 7744K, reserved 1048576K
}
Event: 486.321 GC heap before
{Heap before GC invocations=31 (full 0):
 garbage-first heap   total 200704K, used 197401K [0x0000000705800000, 0x0000000800000000)
  region size 2048K, 11 young (22528K), 2 survivors (4096K)
 Metaspace       used 52344K, committed 52992K, reserved 1114112K
  class space    used 7453K, committed 7744K, reserved 1048576K
}

