# JRE version: OpenJDK Runtime Environment Microsoft-11933218 (21.0.8+9) (build 21.0.8+9-LTS)
# Java VM: OpenJDK 64-Bit Server VM Microsoft-11933218 (21.0.8+9-LTS, mixed mode, emulated-client, sharing, tiered, compressed oops, compressed class ptrs, g1 gc, windows-amd64)
GC Precious Log:
 CardTable entry size: 512
 Card Set container configuration: InlinePtr #cards 4 size 8 Array Of Cards #cards 16 size 48 Howl #buckets 8 coarsen threshold 3686 Howl Bitmap #cards 512 size 80 coarsen threshold 460 Card regions per heap region 1 cards per card region 4096
 CPUs: 12 total, 12 available
 Memory: 16024M
 Large Page Support: Disabled
 NUMA Support: Disabled
 Compressed Oops: Enabled (Zero based)
 Heap Region Size: 2M
 Heap Min Capacity: 8M
 Heap Initial Capacity: 252M
 Heap Max Capacity: 4008M
 Pre-touch: Disabled
 Parallel Workers: 10
 Concurrent Workers: 3
 Concurrent Refinement Workers: 10
 Periodic GC: Disabled
Heap:
 garbage-first heap   total 466944K, used 463072K [0x0000000705800000, 0x0000000800000000)
  region size 2048K, 13 young (26624K), 0 survivors (0K)
 Metaspace       used 53434K, committed 54080K, reserved 1114112K
  class space    used 7365K, committed 7680K, reserved 1048576K
GC Heap History (20 events):
Event: 4148.414 GC heap after
{Heap after GC invocations=83 (full 0):
 garbage-first heap   total 159744K, used 46133K [0x0000000705800000, 0x0000000800000000)
  region size 2048K, 2 young (4096K), 2 survivors (4096K)
 Metaspace       used 53350K, committed 54016K, reserved 1114112K
  class space    used 7347K, committed 7680K, reserved 1048576K
}
Event: 4762.406 GC heap before
{Heap before GC invocations=84 (full 0):
 garbage-first heap   total 159744K, used 154677K [0x0000000705800000, 0x0000000800000000)
  region size 2048K, 32 young (65536K), 2 survivors (4096K)
 Metaspace       used 53350K, committed 54016K, reserved 1114112K
  class space    used 7347K, committed 7680K, reserved 1048576K
}
Event: 4762.410 GC heap after
{Heap after GC invocations=85 (full 0):
 garbage-first heap   total 194560K, used 25006K [0x0000000705800000, 0x0000000800000000)
  region size 2048K, 1 young (2048K), 1 survivors (2048K)
 Metaspace       used 53350K, committed 54016K, reserved 1114112K
  class space    used 7347K, committed 7680K, reserved 1048576K
}
Event: 5029.170 GC heap before
{Heap before GC invocations=85 (full 0):
 garbage-first heap   total 342016K, used 336302K [0x0000000705800000, 0x0000000800000000)
  region size 2048K, 24 young (49152K), 1 survivors (2048K)
 Metaspace       used 53352K, committed 54016K, reserved 1114112K
  class space    used 7348K, committed 7680K, reserved 1048576K
}
Event: 5029.173 GC heap after
{Heap after GC invocations=86 (full 0):
 garbage-first heap   total 352256K, used 47403K [0x0000000705800000, 0x0000000800000000)
  region size 2048K, 4 young (8192K), 4 survivors (8192K)
 Metaspace       used 53352K, committed 54016K, reserved 1114112K
  class space    used 7348K, committed 7680K, reserved 1048576K
}
Event: 5029.174 GC heap before
{Heap before GC invocations=86 (full 0):
 garbage-first heap   total 352256K, used 49451K [0x0000000705800000, 0x0000000800000000)
  region size 2048K, 7 young (14336K), 4 survivors (8192K)
 Metaspace       used 53352K, committed 54016K, reserved 1114112K
  class space    used 7348K, committed 7680K, reserved 1048576K
}
Event: 5029.176 GC heap after
{Heap after GC invocations=87 (full 0):
 garbage-first heap   total 352256K, used 49396K [0x0000000705800000, 0x0000000800000000)
  region size 2048K, 5 young (10240K), 5 survivors (10240K)
 Metaspace       used 53352K, committed 54016K, reserved 1114112K
  class space    used 7348K, committed 7680K, reserved 1048576K
}
Event: 5029.266 GC heap before
{Heap before GC invocations=88 (full 0):
 garbage-first heap   total 292864K, used 286964K [0x0000000705800000, 0x0000000800000000)
  region size 2048K, 18 young (36864K), 5 survivors (10240K)
 Metaspace       used 53352K, committed 54016K, reserved 1114112K
  class space    used 7348K, committed 7680K, reserved 1048576K
}
Event: 5029.268 GC heap after
{Heap after GC invocations=89 (full 0):
 garbage-first heap   total 303104K, used 82170K [0x0000000705800000, 0x0000000800000000)
  region size 2048K, 4 young (8192K), 4 survivors (8192K)
 Metaspace       used 53352K, committed 54016K, reserved 1114112K
  class space    used 7348K, committed 7680K, reserved 1048576K
}
Event: 5040.406 GC heap before
{Heap before GC invocations=89 (full 0):
 garbage-first heap   total 305152K, used 297210K [0x0000000705800000, 0x0000000800000000)
  region size 2048K, 45 young (92160K), 4 survivors (8192K)
 Metaspace       used 53354K, committed 54016K, reserved 1114112K
  class space    used 7348K, committed 7680K, reserved 1048576K
}
Event: 5040.408 GC heap after
{Heap after GC invocations=90 (full 0):
 garbage-first heap   total 307200K, used 43809K [0x0000000705800000, 0x0000000800000000)
  region size 2048K, 1 young (2048K), 1 survivors (2048K)
 Metaspace       used 53354K, committed 54016K, reserved 1114112K
  class space    used 7348K, committed 7680K, reserved 1048576K
}
Event: 5040.409 GC heap before
{Heap before GC invocations=90 (full 0):
 garbage-first heap   total 307200K, used 43809K [0x0000000705800000, 0x0000000800000000)
  region size 2048K, 3 young (6144K), 1 survivors (2048K)
 Metaspace       used 53354K, committed 54016K, reserved 1114112K
  class space    used 7348K, committed 7680K, reserved 1048576K
}
Event: 5040.410 GC heap after
{Heap after GC invocations=91 (full 0):
 garbage-first heap   total 307200K, used 44453K [0x0000000705800000, 0x0000000800000000)
  region size 2048K, 1 young (2048K), 1 survivors (2048K)
 Metaspace       used 53354K, committed 54016K, reserved 1114112K
  class space    used 7348K, committed 7680K, reserved 1048576K
}
Event: 5389.173 GC heap before
{Heap before GC invocations=92 (full 0):
 garbage-first heap   total 235520K, used 230821K [0x0000000705800000, 0x0000000800000000)
  region size 2048K, 58 young (118784K), 1 survivors (2048K)
 Metaspace       used 53395K, committed 54016K, reserved 1114112K
  class space    used 7356K, committed 7680K, reserved 1048576K
}
Event: 5389.175 GC heap after
{Heap after GC invocations=93 (full 0):
 garbage-first heap   total 241664K, used 39473K [0x0000000705800000, 0x0000000800000000)
  region size 2048K, 2 young (4096K), 2 survivors (4096K)
 Metaspace       used 53395K, committed 54016K, reserved 1114112K
  class space    used 7356K, committed 7680K, reserved 1048576K
}
Event: 5389.274 GC heap before
{Heap before GC invocations=93 (full 0):
 garbage-first heap   total 276480K, used 268849K [0x0000000705800000, 0x0000000800000000)
  region size 2048K, 25 young (51200K), 2 survivors (4096K)
 Metaspace       used 53412K, committed 54080K, reserved 1114112K
  class space    used 7360K, committed 7680K, reserved 1048576K
}
Event: 5389.276 GC heap after
{Heap after GC invocations=94 (full 0):
 garbage-first heap   total 288768K, used 106788K [0x0000000705800000, 0x0000000800000000)
  region size 2048K, 6 young (12288K), 6 survivors (12288K)
 Metaspace       used 53412K, committed 54080K, reserved 1114112K
  class space    used 7360K, committed 7680K, reserved 1048576K
}
Event: 5389.278 GC heap before
{Heap before GC invocations=94 (full 0):
 garbage-first heap   total 288768K, used 106788K [0x0000000705800000, 0x0000000800000000)
  region size 2048K, 8 young (16384K), 6 survivors (12288K)
 Metaspace       used 53412K, committed 54080K, reserved 1114112K
  class space    used 7360K, committed 7680K, reserved 1048576K
}
Event: 5389.280 GC heap after
{Heap after GC invocations=95 (full 0):
 garbage-first heap   total 348160K, used 84192K [0x0000000705800000, 0x0000000800000000)
  region size 2048K, 6 young (12288K), 6 survivors (12288K)
 Metaspace       used 53412K, committed 54080K, reserved 1114112K
  class space    used 7360K, committed 7680K, reserved 1048576K
}
Event: 5404.976 GC heap before
{Heap before GC invocations=96 (full 0):
 garbage-first heap   total 466944K, used 461024K [0x0000000705800000, 0x0000000800000000)
  region size 2048K, 19 young (38912K), 6 survivors (12288K)
 Metaspace       used 53434K, committed 54080K, reserved 1114112K
  class space    used 7365K, committed 7680K, reserved 1048576K
}

