# JRE version: OpenJDK Runtime Environment Microsoft-11933218 (21.0.8+9) (build 21.0.8+9-LTS)
# Java VM: OpenJDK 64-Bit Server VM Microsoft-11933218 (21.0.8+9-LTS, mixed mode, sharing, tiered, compressed oops, compressed class ptrs, g1 gc, windows-amd64)
GC Precious Log:
 CardTable entry size: 512
 Card Set container configuration: InlinePtr #cards 4 size 8 Array Of Cards #cards 16 size 48 Howl #buckets 8 coarsen threshold 3686 Howl Bitmap #cards 512 size 80 coarsen threshold 460 Card regions per heap region 1 cards per card region 4096
 CPUs: 12 total, 12 available
 Memory: 16024M
 Large Page Support: Disabled
 NUMA Support: Disabled
 Compressed Oops: Enabled (Zero based)
 Heap Region Size: 2M
 Heap Min Capacity: 8M
 Heap Initial Capacity: 252M
 Heap Max Capacity: 4008M
 Pre-touch: Disabled
 Parallel Workers: 10
 Concurrent Workers: 3
 Concurrent Refinement Workers: 10
 Periodic GC: Disabled
Heap:
 garbage-first heap   total 149504K, used 49476K [0x0000000705800000, 0x0000000800000000)
  region size 2048K, 14 young (28672K), 1 survivors (2048K)
 Metaspace       used 57413K, committed 58176K, reserved 1114112K
  class space    used 7269K, committed 7616K, reserved 1048576K
GC Heap History (20 events):
Event: 7.894 GC heap before
{Heap before GC invocations=5 (full 0):
 garbage-first heap   total 40960K, used 27975K [0x0000000705800000, 0x0000000800000000)
  region size 2048K, 12 young (24576K), 3 survivors (6144K)
 Metaspace       used 27783K, committed 28160K, reserved 1114112K
  class space    used 3355K, committed 3520K, reserved 1048576K
}
Event: 7.904 GC heap after
{Heap after GC invocations=6 (full 0):
 garbage-first heap   total 40960K, used 12743K [0x0000000705800000, 0x0000000800000000)
  region size 2048K, 1 young (2048K), 1 survivors (2048K)
 Metaspace       used 27783K, committed 28160K, reserved 1114112K
  class space    used 3355K, committed 3520K, reserved 1048576K
}
Event: 8.691 GC heap before
{Heap before GC invocations=6 (full 0):
 garbage-first heap   total 40960K, used 31175K [0x0000000705800000, 0x0000000800000000)
  region size 2048K, 10 young (20480K), 1 survivors (2048K)
 Metaspace       used 29982K, committed 30336K, reserved 1114112K
  class space    used 3629K, committed 3776K, reserved 1048576K
}
Event: 8.695 GC heap after
{Heap after GC invocations=7 (full 0):
 garbage-first heap   total 40960K, used 13889K [0x0000000705800000, 0x0000000800000000)
  region size 2048K, 2 young (4096K), 2 survivors (4096K)
 Metaspace       used 29982K, committed 30336K, reserved 1114112K
  class space    used 3629K, committed 3776K, reserved 1048576K
}
Event: 11.539 GC heap before
{Heap before GC invocations=7 (full 0):
 garbage-first heap   total 40960K, used 28225K [0x0000000705800000, 0x0000000800000000)
  region size 2048K, 10 young (20480K), 2 survivors (4096K)
 Metaspace       used 32981K, committed 33472K, reserved 1114112K
  class space    used 4010K, committed 4224K, reserved 1048576K
}
Event: 11.548 GC heap after
{Heap after GC invocations=8 (full 0):
 garbage-first heap   total 40960K, used 15136K [0x0000000705800000, 0x0000000800000000)
  region size 2048K, 2 young (4096K), 2 survivors (4096K)
 Metaspace       used 32981K, committed 33472K, reserved 1114112K
  class space    used 4010K, committed 4224K, reserved 1048576K
}
Event: 14.407 GC heap before
{Heap before GC invocations=8 (full 0):
 garbage-first heap   total 40960K, used 25376K [0x0000000705800000, 0x0000000800000000)
  region size 2048K, 9 young (18432K), 2 survivors (4096K)
 Metaspace       used 35673K, committed 36096K, reserved 1114112K
  class space    used 4412K, committed 4608K, reserved 1048576K
}
Event: 14.416 GC heap after
{Heap after GC invocations=9 (full 0):
 garbage-first heap   total 40960K, used 16570K [0x0000000705800000, 0x0000000800000000)
  region size 2048K, 2 young (4096K), 2 survivors (4096K)
 Metaspace       used 35673K, committed 36096K, reserved 1114112K
  class space    used 4412K, committed 4608K, reserved 1048576K
}
Event: 18.123 GC heap before
{Heap before GC invocations=10 (full 0):
 garbage-first heap   total 40960K, used 32954K [0x0000000705800000, 0x0000000800000000)
  region size 2048K, 10 young (20480K), 2 survivors (4096K)
 Metaspace       used 38723K, committed 39232K, reserved 1114112K
  class space    used 4791K, committed 5056K, reserved 1048576K
}
Event: 18.182 GC heap after
{Heap after GC invocations=11 (full 0):
 garbage-first heap   total 149504K, used 17938K [0x0000000705800000, 0x0000000800000000)
  region size 2048K, 2 young (4096K), 2 survivors (4096K)
 Metaspace       used 38723K, committed 39232K, reserved 1114112K
  class space    used 4791K, committed 5056K, reserved 1048576K
}
Event: 37.859 GC heap before
{Heap before GC invocations=11 (full 0):
 garbage-first heap   total 149504K, used 99858K [0x0000000705800000, 0x0000000800000000)
  region size 2048K, 43 young (88064K), 2 survivors (4096K)
 Metaspace       used 52403K, committed 52992K, reserved 1114112K
  class space    used 6731K, committed 6976K, reserved 1048576K
}
Event: 37.872 GC heap after
{Heap after GC invocations=12 (full 0):
 garbage-first heap   total 149504K, used 24160K [0x0000000705800000, 0x0000000800000000)
  region size 2048K, 5 young (10240K), 5 survivors (10240K)
 Metaspace       used 52403K, committed 52992K, reserved 1114112K
  class space    used 6731K, committed 6976K, reserved 1048576K
}
Event: 1598.483 GC heap before
{Heap before GC invocations=12 (full 0):
 garbage-first heap   total 149504K, used 101984K [0x0000000705800000, 0x0000000800000000)
  region size 2048K, 43 young (88064K), 5 survivors (10240K)
 Metaspace       used 56548K, committed 57280K, reserved 1114112K
  class space    used 7267K, committed 7616K, reserved 1048576K
}
Event: 1598.521 GC heap after
{Heap after GC invocations=13 (full 0):
 garbage-first heap   total 149504K, used 25368K [0x0000000705800000, 0x0000000800000000)
  region size 2048K, 4 young (8192K), 4 survivors (8192K)
 Metaspace       used 56548K, committed 57280K, reserved 1114112K
  class space    used 7267K, committed 7616K, reserved 1048576K
}
Event: 3577.612 GC heap before
{Heap before GC invocations=13 (full 0):
 garbage-first heap   total 149504K, used 105240K [0x0000000705800000, 0x0000000800000000)
  region size 2048K, 43 young (88064K), 4 survivors (8192K)
 Metaspace       used 57008K, committed 57792K, reserved 1114112K
  class space    used 7268K, committed 7616K, reserved 1048576K
}
Event: 3577.642 GC heap after
{Heap after GC invocations=14 (full 0):
 garbage-first heap   total 149504K, used 25703K [0x0000000705800000, 0x0000000800000000)
  region size 2048K, 1 young (2048K), 1 survivors (2048K)
 Metaspace       used 57008K, committed 57792K, reserved 1114112K
  class space    used 7268K, committed 7616K, reserved 1048576K
}
Event: 5759.109 GC heap before
{Heap before GC invocations=14 (full 0):
 garbage-first heap   total 149504K, used 111719K [0x0000000705800000, 0x0000000800000000)
  region size 2048K, 43 young (88064K), 1 survivors (2048K)
 Metaspace       used 57281K, committed 58048K, reserved 1114112K
  class space    used 7269K, committed 7616K, reserved 1048576K
}
Event: 5759.122 GC heap after
{Heap after GC invocations=15 (full 0):
 garbage-first heap   total 149504K, used 25116K [0x0000000705800000, 0x0000000800000000)
  region size 2048K, 1 young (2048K), 1 survivors (2048K)
 Metaspace       used 57281K, committed 58048K, reserved 1114112K
  class space    used 7269K, committed 7616K, reserved 1048576K
}
Event: 7999.839 GC heap before
{Heap before GC invocations=15 (full 0):
 garbage-first heap   total 149504K, used 111132K [0x0000000705800000, 0x0000000800000000)
  region size 2048K, 43 young (88064K), 1 survivors (2048K)
 Metaspace       used 57316K, committed 58112K, reserved 1114112K
  class space    used 7269K, committed 7616K, reserved 1048576K
}
Event: 7999.856 GC heap after
{Heap after GC invocations=16 (full 0):
 garbage-first heap   total 149504K, used 24900K [0x0000000705800000, 0x0000000800000000)
  region size 2048K, 1 young (2048K), 1 survivors (2048K)
 Metaspace       used 57316K, committed 58112K, reserved 1114112K
  class space    used 7269K, committed 7616K, reserved 1048576K
}

