# JRE version: OpenJDK Runtime Environment Microsoft-11933218 (21.0.8+9) (build 21.0.8+9-LTS)
# Java VM: OpenJDK 64-Bit Server VM Microsoft-11933218 (21.0.8+9-LTS, mixed mode, emulated-client, sharing, tiered, compressed oops, compressed class ptrs, g1 gc, windows-amd64)
GC Precious Log:
 CardTable entry size: 512
 Card Set container configuration: InlinePtr #cards 4 size 8 Array Of Cards #cards 16 size 48 Howl #buckets 8 coarsen threshold 3686 Howl Bitmap #cards 512 size 80 coarsen threshold 460 Card regions per heap region 1 cards per card region 4096
 CPUs: 12 total, 12 available
 Memory: 16024M
 Large Page Support: Disabled
 NUMA Support: Disabled
 Compressed Oops: Enabled (Zero based)
 Heap Region Size: 2M
 Heap Min Capacity: 8M
 Heap Initial Capacity: 252M
 Heap Max Capacity: 4008M
 Pre-touch: Disabled
 Parallel Workers: 10
 Concurrent Workers: 3
 Concurrent Refinement Workers: 10
 Periodic GC: Disabled
Heap:
 garbage-first heap   total 223232K, used 219873K [0x0000000705800000, 0x0000000800000000)
  region size 2048K, 7 young (14336K), 0 survivors (0K)
 Metaspace       used 51240K, committed 51968K, reserved 1114112K
  class space    used 7331K, committed 7616K, reserved 1048576K
GC Heap History (20 events):
Event: 2.413 GC heap after
{Heap after GC invocations=7 (full 0):
 garbage-first heap   total 159744K, used 20012K [0x0000000705800000, 0x0000000800000000)
  region size 2048K, 3 young (6144K), 3 survivors (6144K)
 Metaspace       used 34648K, committed 35200K, reserved 1114112K
  class space    used 4930K, committed 5184K, reserved 1048576K
}
Event: 2.449 GC heap before
{Heap before GC invocations=7 (full 0):
 garbage-first heap   total 159744K, used 22060K [0x0000000705800000, 0x0000000800000000)
  region size 2048K, 5 young (10240K), 3 survivors (6144K)
 Metaspace       used 35517K, committed 36096K, reserved 1114112K
  class space    used 5056K, committed 5312K, reserved 1048576K
}
Event: 2.452 GC heap after
{Heap after GC invocations=8 (full 0):
 garbage-first heap   total 159744K, used 20141K [0x0000000705800000, 0x0000000800000000)
  region size 2048K, 3 young (6144K), 3 survivors (6144K)
 Metaspace       used 35517K, committed 36096K, reserved 1114112K
  class space    used 5056K, committed 5312K, reserved 1048576K
}
Event: 2.974 GC heap before
{Heap before GC invocations=9 (full 0):
 garbage-first heap   total 75776K, used 59053K [0x0000000705800000, 0x0000000800000000)
  region size 2048K, 22 young (45056K), 3 survivors (6144K)
 Metaspace       used 40494K, committed 41216K, reserved 1114112K
  class space    used 5824K, committed 6144K, reserved 1048576K
}
Event: 2.979 GC heap after
{Heap after GC invocations=10 (full 0):
 garbage-first heap   total 75776K, used 23267K [0x0000000705800000, 0x0000000800000000)
  region size 2048K, 3 young (6144K), 3 survivors (6144K)
 Metaspace       used 40494K, committed 41216K, reserved 1114112K
  class space    used 5824K, committed 6144K, reserved 1048576K
}
Event: 10.903 GC heap before
{Heap before GC invocations=10 (full 0):
 garbage-first heap   total 75776K, used 58083K [0x0000000705800000, 0x0000000800000000)
  region size 2048K, 21 young (43008K), 3 survivors (6144K)
 Metaspace       used 47783K, committed 48512K, reserved 1114112K
  class space    used 6808K, committed 7104K, reserved 1048576K
}
Event: 10.910 GC heap after
{Heap after GC invocations=11 (full 0):
 garbage-first heap   total 75776K, used 25731K [0x0000000705800000, 0x0000000800000000)
  region size 2048K, 2 young (4096K), 2 survivors (4096K)
 Metaspace       used 47783K, committed 48512K, reserved 1114112K
  class space    used 6808K, committed 7104K, reserved 1048576K
}
Event: 11.052 GC heap before
{Heap before GC invocations=11 (full 0):
 garbage-first heap   total 75776K, used 48259K [0x0000000705800000, 0x0000000800000000)
  region size 2048K, 9 young (18432K), 2 survivors (4096K)
 Metaspace       used 50294K, committed 51008K, reserved 1114112K
  class space    used 7184K, committed 7488K, reserved 1048576K
}
Event: 11.055 GC heap after
{Heap after GC invocations=12 (full 0):
 garbage-first heap   total 75776K, used 37562K [0x0000000705800000, 0x0000000800000000)
  region size 2048K, 3 young (6144K), 3 survivors (6144K)
 Metaspace       used 50294K, committed 51008K, reserved 1114112K
  class space    used 7184K, committed 7488K, reserved 1048576K
}
Event: 11.066 GC heap before
{Heap before GC invocations=12 (full 0):
 garbage-first heap   total 75776K, used 41658K [0x0000000705800000, 0x0000000800000000)
  region size 2048K, 5 young (10240K), 3 survivors (6144K)
 Metaspace       used 50421K, committed 51136K, reserved 1114112K
  class space    used 7203K, committed 7488K, reserved 1048576K
}
Event: 11.068 GC heap after
{Heap after GC invocations=13 (full 0):
 garbage-first heap   total 75776K, used 36911K [0x0000000705800000, 0x0000000800000000)
  region size 2048K, 1 young (2048K), 1 survivors (2048K)
 Metaspace       used 50421K, committed 51136K, reserved 1114112K
  class space    used 7203K, committed 7488K, reserved 1048576K
}
Event: 11.196 GC heap before
{Heap before GC invocations=14 (full 0):
 garbage-first heap   total 190464K, used 186415K [0x0000000705800000, 0x0000000800000000)
  region size 2048K, 6 young (12288K), 1 survivors (2048K)
 Metaspace       used 51222K, committed 51904K, reserved 1114112K
  class space    used 7327K, committed 7616K, reserved 1048576K
}
Event: 11.198 GC heap after
{Heap after GC invocations=15 (full 0):
 garbage-first heap   total 233472K, used 40637K [0x0000000705800000, 0x0000000800000000)
  region size 2048K, 2 young (4096K), 2 survivors (4096K)
 Metaspace       used 51222K, committed 51904K, reserved 1114112K
  class space    used 7327K, committed 7616K, reserved 1048576K
}
Event: 35.509 GC heap before
{Heap before GC invocations=15 (full 0):
 garbage-first heap   total 360448K, used 356029K [0x0000000705800000, 0x0000000800000000)
  region size 2048K, 11 young (22528K), 2 survivors (4096K)
 Metaspace       used 51237K, committed 51968K, reserved 1114112K
  class space    used 7330K, committed 7616K, reserved 1048576K
}
Event: 35.511 GC heap after
{Heap after GC invocations=16 (full 0):
 garbage-first heap   total 364544K, used 38917K [0x0000000705800000, 0x0000000800000000)
  region size 2048K, 1 young (2048K), 1 survivors (2048K)
 Metaspace       used 51237K, committed 51968K, reserved 1114112K
  class space    used 7330K, committed 7616K, reserved 1048576K
}
Event: 35.521 GC heap before
{Heap before GC invocations=16 (full 0):
 garbage-first heap   total 364544K, used 38917K [0x0000000705800000, 0x0000000800000000)
  region size 2048K, 3 young (6144K), 1 survivors (2048K)
 Metaspace       used 51237K, committed 51968K, reserved 1114112K
  class space    used 7330K, committed 7616K, reserved 1048576K
}
Event: 35.522 GC heap after
{Heap after GC invocations=17 (full 0):
 garbage-first heap   total 364544K, used 39810K [0x0000000705800000, 0x0000000800000000)
  region size 2048K, 2 young (4096K), 2 survivors (4096K)
 Metaspace       used 51237K, committed 51968K, reserved 1114112K
  class space    used 7330K, committed 7616K, reserved 1048576K
}
Event: 46.129 GC heap before
{Heap before GC invocations=18 (full 0):
 garbage-first heap   total 204800K, used 199554K [0x0000000705800000, 0x0000000800000000)
  region size 2048K, 8 young (16384K), 2 survivors (4096K)
 Metaspace       used 51240K, committed 51968K, reserved 1114112K
  class space    used 7331K, committed 7616K, reserved 1048576K
}
Event: 46.131 GC heap after
{Heap after GC invocations=19 (full 0):
 garbage-first heap   total 206848K, used 31998K [0x0000000705800000, 0x0000000800000000)
  region size 2048K, 1 young (2048K), 1 survivors (2048K)
 Metaspace       used 51240K, committed 51968K, reserved 1114112K
  class space    used 7331K, committed 7616K, reserved 1048576K
}
Event: 46.206 GC heap before
{Heap before GC invocations=19 (full 0):
 garbage-first heap   total 223232K, used 218366K [0x0000000705800000, 0x0000000800000000)
  region size 2048K, 8 young (16384K), 1 survivors (2048K)
 Metaspace       used 51240K, committed 51968K, reserved 1114112K
  class space    used 7331K, committed 7616K, reserved 1048576K
}

