# JRE version: OpenJDK Runtime Environment Microsoft-11933218 (21.0.8+9) (build 21.0.8+9-LTS)
# Java VM: OpenJDK 64-Bit Server VM Microsoft-11933218 (21.0.8+9-LTS, mixed mode, emulated-client, sharing, tiered, compressed oops, compressed class ptrs, g1 gc, windows-amd64)
GC Precious Log:
 CardTable entry size: 512
 Card Set container configuration: InlinePtr #cards 4 size 8 Array Of Cards #cards 16 size 48 Howl #buckets 8 coarsen threshold 3686 Howl Bitmap #cards 512 size 80 coarsen threshold 460 Card regions per heap region 1 cards per card region 4096
 CPUs: 12 total, 12 available
 Memory: 16024M
 Large Page Support: Disabled
 NUMA Support: Disabled
 Compressed Oops: Enabled (Zero based)
 Heap Region Size: 2M
 Heap Min Capacity: 8M
 Heap Initial Capacity: 252M
 Heap Max Capacity: 4008M
 Pre-touch: Disabled
 Parallel Workers: 10
 Concurrent Workers: 3
 Concurrent Refinement Workers: 10
 Periodic GC: Disabled
Heap:
 garbage-first heap   total 59392K, used 41648K [0x0000000705800000, 0x0000000800000000)
  region size 2048K, 17 young (34816K), 3 survivors (6144K)
 Metaspace       used 34271K, committed 34816K, reserved 1114112K
  class space    used 4886K, committed 5120K, reserved 1048576K
GC Heap History (10 events):
Event: 0.448 GC heap before
{Heap before GC invocations=0 (full 0):
 garbage-first heap   total 258048K, used 22528K [0x0000000705800000, 0x0000000800000000)
  region size 2048K, 11 young (22528K), 0 survivors (0K)
 Metaspace       used 4837K, committed 4992K, reserved 1114112K
  class space    used 637K, committed 704K, reserved 1048576K
}
Event: 0.452 GC heap after
{Heap after GC invocations=1 (full 0):
 garbage-first heap   total 258048K, used 5452K [0x0000000705800000, 0x0000000800000000)
  region size 2048K, 2 young (4096K), 2 survivors (4096K)
 Metaspace       used 4837K, committed 4992K, reserved 1114112K
  class space    used 637K, committed 704K, reserved 1048576K
}
Event: 0.812 GC heap before
{Heap before GC invocations=1 (full 0):
 garbage-first heap   total 258048K, used 34124K [0x0000000705800000, 0x0000000800000000)
  region size 2048K, 17 young (34816K), 2 survivors (4096K)
 Metaspace       used 12439K, committed 12800K, reserved 1114112K
  class space    used 1728K, committed 1920K, reserved 1048576K
}
Event: 0.816 GC heap after
{Heap after GC invocations=2 (full 0):
 garbage-first heap   total 258048K, used 8781K [0x0000000705800000, 0x0000000800000000)
  region size 2048K, 2 young (4096K), 2 survivors (4096K)
 Metaspace       used 12439K, committed 12800K, reserved 1114112K
  class space    used 1728K, committed 1920K, reserved 1048576K
}
Event: 1.172 GC heap before
{Heap before GC invocations=2 (full 0):
 garbage-first heap   total 258048K, used 49741K [0x0000000705800000, 0x0000000800000000)
  region size 2048K, 24 young (49152K), 2 survivors (4096K)
 Metaspace       used 21136K, committed 21504K, reserved 1114112K
  class space    used 2952K, committed 3136K, reserved 1048576K
}
Event: 1.177 GC heap after
{Heap after GC invocations=3 (full 0):
 garbage-first heap   total 258048K, used 12687K [0x0000000705800000, 0x0000000800000000)
  region size 2048K, 4 young (8192K), 4 survivors (8192K)
 Metaspace       used 21136K, committed 21504K, reserved 1114112K
  class space    used 2952K, committed 3136K, reserved 1048576K
}
Event: 1.614 GC heap before
{Heap before GC invocations=4 (full 0):
 garbage-first heap   total 49152K, used 47503K [0x0000000705800000, 0x0000000800000000)
  region size 2048K, 21 young (43008K), 4 survivors (8192K)
 Metaspace       used 24322K, committed 24832K, reserved 1114112K
  class space    used 3430K, committed 3648K, reserved 1048576K
}
Event: 1.620 GC heap after
{Heap after GC invocations=5 (full 0):
 garbage-first heap   total 59392K, used 15109K [0x0000000705800000, 0x0000000800000000)
  region size 2048K, 5 young (10240K), 5 survivors (10240K)
 Metaspace       used 24322K, committed 24832K, reserved 1114112K
  class space    used 3430K, committed 3648K, reserved 1048576K
}
Event: 1.918 GC heap before
{Heap before GC invocations=5 (full 0):
 garbage-first heap   total 59392K, used 39685K [0x0000000705800000, 0x0000000800000000)
  region size 2048K, 17 young (34816K), 5 survivors (10240K)
 Metaspace       used 28684K, committed 29312K, reserved 1114112K
  class space    used 4068K, committed 4352K, reserved 1048576K
}
Event: 1.924 GC heap after
{Heap after GC invocations=6 (full 0):
 garbage-first heap   total 59392K, used 17072K [0x0000000705800000, 0x0000000800000000)
  region size 2048K, 3 young (6144K), 3 survivors (6144K)
 Metaspace       used 28684K, committed 29312K, reserved 1114112K
  class space    used 4068K, committed 4352K, reserved 1048576K
}

