# JRE version: OpenJDK Runtime Environment Microsoft-11933218 (21.0.8+9) (build 21.0.8+9-LTS)
# Java VM: OpenJDK 64-Bit Server VM Microsoft-11933218 (21.0.8+9-LTS, mixed mode, emulated-client, sharing, tiered, compressed oops, compressed class ptrs, g1 gc, windows-amd64)
GC Precious Log:
 CardTable entry size: 512
 Card Set container configuration: InlinePtr #cards 4 size 8 Array Of Cards #cards 16 size 48 Howl #buckets 8 coarsen threshold 3686 Howl Bitmap #cards 512 size 80 coarsen threshold 460 Card regions per heap region 1 cards per card region 4096
 CPUs: 12 total, 12 available
 Memory: 16024M
 Large Page Support: Disabled
 NUMA Support: Disabled
 Compressed Oops: Enabled (Zero based)
 Heap Region Size: 2M
 Heap Min Capacity: 8M
 Heap Initial Capacity: 252M
 Heap Max Capacity: 4008M
 Pre-touch: Disabled
 Parallel Workers: 10
 Concurrent Workers: 3
 Concurrent Refinement Workers: 10
 Periodic GC: Disabled
Heap:
 garbage-first heap   total 174080K, used 154934K [0x0000000705800000, 0x0000000800000000)
  region size 2048K, 6 young (12288K), 2 survivors (4096K)
 Metaspace       used 52036K, committed 52928K, reserved 1114112K
  class space    used 7382K, committed 7744K, reserved 1048576K
GC Heap History (20 events):
Event: 1.050 GC heap before
{Heap before GC invocations=2 (full 0):
 garbage-first heap   total 258048K, used 51441K [0x0000000705800000, 0x0000000800000000)
  region size 2048K, 25 young (51200K), 2 survivors (4096K)
 Metaspace       used 21134K, committed 21504K, reserved 1114112K
  class space    used 2951K, committed 3136K, reserved 1048576K
}
Event: 1.054 GC heap after
{Heap after GC invocations=3 (full 0):
 garbage-first heap   total 258048K, used 12689K [0x0000000705800000, 0x0000000800000000)
  region size 2048K, 4 young (8192K), 4 survivors (8192K)
 Metaspace       used 21134K, committed 21504K, reserved 1114112K
  class space    used 2951K, committed 3136K, reserved 1048576K
}
Event: 1.420 GC heap before
{Heap before GC invocations=4 (full 0):
 garbage-first heap   total 49152K, used 47505K [0x0000000705800000, 0x0000000800000000)
  region size 2048K, 21 young (43008K), 4 survivors (8192K)
 Metaspace       used 24525K, committed 24960K, reserved 1114112K
  class space    used 3457K, committed 3648K, reserved 1048576K
}
Event: 1.425 GC heap after
{Heap after GC invocations=5 (full 0):
 garbage-first heap   total 59392K, used 14984K [0x0000000705800000, 0x0000000800000000)
  region size 2048K, 5 young (10240K), 5 survivors (10240K)
 Metaspace       used 24525K, committed 24960K, reserved 1114112K
  class space    used 3457K, committed 3648K, reserved 1048576K
}
Event: 1.671 GC heap before
{Heap before GC invocations=5 (full 0):
 garbage-first heap   total 59392K, used 39560K [0x0000000705800000, 0x0000000800000000)
  region size 2048K, 17 young (34816K), 5 survivors (10240K)
 Metaspace       used 29176K, committed 29696K, reserved 1114112K
  class space    used 4118K, committed 4352K, reserved 1048576K
}
Event: 1.677 GC heap after
{Heap after GC invocations=6 (full 0):
 garbage-first heap   total 59392K, used 16807K [0x0000000705800000, 0x0000000800000000)
  region size 2048K, 3 young (6144K), 3 survivors (6144K)
 Metaspace       used 29176K, committed 29696K, reserved 1114112K
  class space    used 4118K, committed 4352K, reserved 1048576K
}
Event: 1.950 GC heap before
{Heap before GC invocations=6 (full 0):
 garbage-first heap   total 59392K, used 45479K [0x0000000705800000, 0x0000000800000000)
  region size 2048K, 17 young (34816K), 3 survivors (6144K)
 Metaspace       used 34848K, committed 35456K, reserved 1114112K
  class space    used 4971K, committed 5248K, reserved 1048576K
}
Event: 1.957 GC heap after
{Heap after GC invocations=7 (full 0):
 garbage-first heap   total 159744K, used 19936K [0x0000000705800000, 0x0000000800000000)
  region size 2048K, 3 young (6144K), 3 survivors (6144K)
 Metaspace       used 34848K, committed 35456K, reserved 1114112K
  class space    used 4971K, committed 5248K, reserved 1048576K
}
Event: 1.974 GC heap before
{Heap before GC invocations=7 (full 0):
 garbage-first heap   total 159744K, used 21984K [0x0000000705800000, 0x0000000800000000)
  region size 2048K, 5 young (10240K), 3 survivors (6144K)
 Metaspace       used 35352K, committed 35968K, reserved 1114112K
  class space    used 5029K, committed 5312K, reserved 1048576K
}
Event: 1.977 GC heap after
{Heap after GC invocations=8 (full 0):
 garbage-first heap   total 159744K, used 19689K [0x0000000705800000, 0x0000000800000000)
  region size 2048K, 3 young (6144K), 3 survivors (6144K)
 Metaspace       used 35352K, committed 35968K, reserved 1114112K
  class space    used 5029K, committed 5312K, reserved 1048576K
}
Event: 2.323 GC heap before
{Heap before GC invocations=9 (full 0):
 garbage-first heap   total 69632K, used 54505K [0x0000000705800000, 0x0000000800000000)
  region size 2048K, 20 young (40960K), 3 survivors (6144K)
 Metaspace       used 40240K, committed 40896K, reserved 1114112K
  class space    used 5783K, committed 6080K, reserved 1048576K
}
Event: 2.328 GC heap after
{Heap after GC invocations=10 (full 0):
 garbage-first heap   total 69632K, used 22703K [0x0000000705800000, 0x0000000800000000)
  region size 2048K, 3 young (6144K), 3 survivors (6144K)
 Metaspace       used 40240K, committed 40896K, reserved 1114112K
  class space    used 5783K, committed 6080K, reserved 1048576K
}
Event: 8.580 GC heap before
{Heap before GC invocations=10 (full 0):
 garbage-first heap   total 69632K, used 55471K [0x0000000705800000, 0x0000000800000000)
  region size 2048K, 19 young (38912K), 3 survivors (6144K)
 Metaspace       used 45687K, committed 46400K, reserved 1114112K
  class space    used 6594K, committed 6848K, reserved 1048576K
}
Event: 8.589 GC heap after
{Heap after GC invocations=11 (full 0):
 garbage-first heap   total 69632K, used 24736K [0x0000000705800000, 0x0000000800000000)
  region size 2048K, 3 young (6144K), 3 survivors (6144K)
 Metaspace       used 45687K, committed 46400K, reserved 1114112K
  class space    used 6594K, committed 6848K, reserved 1048576K
}
Event: 65.632 GC heap before
{Heap before GC invocations=11 (full 0):
 garbage-first heap   total 69632K, used 53408K [0x0000000705800000, 0x0000000800000000)
  region size 2048K, 18 young (36864K), 3 survivors (6144K)
 Metaspace       used 49838K, committed 50624K, reserved 1114112K
  class space    used 7108K, committed 7424K, reserved 1048576K
}
Event: 65.641 GC heap after
{Heap after GC invocations=12 (full 0):
 garbage-first heap   total 69632K, used 25341K [0x0000000705800000, 0x0000000800000000)
  region size 2048K, 2 young (4096K), 2 survivors (4096K)
 Metaspace       used 49838K, committed 50624K, reserved 1114112K
  class space    used 7108K, committed 7424K, reserved 1048576K
}
Event: 73.349 GC heap before
{Heap before GC invocations=12 (full 0):
 garbage-first heap   total 69632K, used 43773K [0x0000000705800000, 0x0000000800000000)
  region size 2048K, 10 young (20480K), 2 survivors (4096K)
 Metaspace       used 52178K, committed 52928K, reserved 1114112K
  class space    used 7425K, committed 7744K, reserved 1048576K
}
Event: 73.356 GC heap after
{Heap after GC invocations=13 (full 0):
 garbage-first heap   total 69632K, used 32649K [0x0000000705800000, 0x0000000800000000)
  region size 2048K, 3 young (6144K), 3 survivors (6144K)
 Metaspace       used 52178K, committed 52928K, reserved 1114112K
  class space    used 7425K, committed 7744K, reserved 1048576K
}
Event: 73.358 GC heap before
{Heap before GC invocations=13 (full 0):
 garbage-first heap   total 69632K, used 36745K [0x0000000705800000, 0x0000000800000000)
  region size 2048K, 4 young (8192K), 3 survivors (6144K)
 Metaspace       used 52178K, committed 52928K, reserved 1114112K
  class space    used 7425K, committed 7744K, reserved 1048576K
}
Event: 73.364 GC heap after
{Heap after GC invocations=14 (full 0):
 garbage-first heap   total 69632K, used 36736K [0x0000000705800000, 0x0000000800000000)
  region size 2048K, 2 young (4096K), 2 survivors (4096K)
 Metaspace       used 52178K, committed 52928K, reserved 1114112K
  class space    used 7425K, committed 7744K, reserved 1048576K
}

