# JRE version: OpenJDK Runtime Environment Microsoft-11933218 (21.0.8+9) (build 21.0.8+9-LTS)
# Java VM: OpenJDK 64-Bit Server VM Microsoft-11933218 (21.0.8+9-LTS, mixed mode, emulated-client, sharing, tiered, compressed oops, compressed class ptrs, g1 gc, windows-amd64)
GC Precious Log:
 CardTable entry size: 512
 Card Set container configuration: InlinePtr #cards 4 size 8 Array Of Cards #cards 16 size 48 Howl #buckets 8 coarsen threshold 3686 Howl Bitmap #cards 512 size 80 coarsen threshold 460 Card regions per heap region 1 cards per card region 4096
 CPUs: 12 total, 12 available
 Memory: 16024M
 Large Page Support: Disabled
 NUMA Support: Disabled
 Compressed Oops: Enabled (Zero based)
 Heap Region Size: 2M
 Heap Min Capacity: 8M
 Heap Initial Capacity: 252M
 Heap Max Capacity: 4008M
 Pre-touch: Disabled
 Parallel Workers: 10
 Concurrent Workers: 3
 Concurrent Refinement Workers: 10
 Periodic GC: Disabled
Heap:
 garbage-first heap   total 368640K, used 362999K [0x0000000705800000, 0x0000000800000000)
  region size 2048K, 10 young (20480K), 1 survivors (2048K)
 Metaspace       used 57059K, committed 57856K, reserved 1114112K
  class space    used 7813K, committed 8128K, reserved 1048576K
GC Heap History (20 events):
Event: 6725.095 GC heap before
{Heap before GC invocations=87 (full 0):
 garbage-first heap   total 202752K, used 198249K [0x0000000705800000, 0x0000000800000000)
  region size 2048K, 5 young (10240K), 1 survivors (2048K)
 Metaspace       used 56979K, committed 57856K, reserved 1114112K
  class space    used 7796K, committed 8128K, reserved 1048576K
}
Event: 6725.097 GC heap after
{Heap after GC invocations=88 (full 0):
 garbage-first heap   total 206848K, used 41458K [0x0000000705800000, 0x0000000800000000)
  region size 2048K, 1 young (2048K), 1 survivors (2048K)
 Metaspace       used 56979K, committed 57856K, reserved 1114112K
  class space    used 7796K, committed 8128K, reserved 1048576K
}
Event: 6727.830 GC heap before
{Heap before GC invocations=88 (full 0):
 garbage-first heap   total 219136K, used 213490K [0x0000000705800000, 0x0000000800000000)
  region size 2048K, 7 young (14336K), 1 survivors (2048K)
 Metaspace       used 56979K, committed 57856K, reserved 1114112K
  class space    used 7796K, committed 8128K, reserved 1048576K
}
Event: 6727.836 GC heap after
{Heap after GC invocations=89 (full 0):
 garbage-first heap   total 266240K, used 37376K [0x0000000705800000, 0x0000000800000000)
  region size 2048K, 1 young (2048K), 1 survivors (2048K)
 Metaspace       used 56979K, committed 57856K, reserved 1114112K
  class space    used 7796K, committed 8128K, reserved 1048576K
}
Event: 6727.836 GC heap before
{Heap before GC invocations=89 (full 0):
 garbage-first heap   total 266240K, used 37376K [0x0000000705800000, 0x0000000800000000)
  region size 2048K, 2 young (4096K), 1 survivors (2048K)
 Metaspace       used 56979K, committed 57856K, reserved 1114112K
  class space    used 7796K, committed 8128K, reserved 1048576K
}
Event: 6727.839 GC heap after
{Heap after GC invocations=90 (full 0):
 garbage-first heap   total 266240K, used 37378K [0x0000000705800000, 0x0000000800000000)
  region size 2048K, 1 young (2048K), 1 survivors (2048K)
 Metaspace       used 56979K, committed 57856K, reserved 1114112K
  class space    used 7796K, committed 8128K, reserved 1048576K
}
Event: 6728.222 GC heap before
{Heap before GC invocations=91 (full 0):
 garbage-first heap   total 352256K, used 348674K [0x0000000705800000, 0x0000000800000000)
  region size 2048K, 8 young (16384K), 1 survivors (2048K)
 Metaspace       used 56979K, committed 57856K, reserved 1114112K
  class space    used 7796K, committed 8128K, reserved 1048576K
}
Event: 6728.224 GC heap after
{Heap after GC invocations=92 (full 0):
 garbage-first heap   total 356352K, used 36663K [0x0000000705800000, 0x0000000800000000)
  region size 2048K, 1 young (2048K), 1 survivors (2048K)
 Metaspace       used 56979K, committed 57856K, reserved 1114112K
  class space    used 7796K, committed 8128K, reserved 1048576K
}
Event: 6732.892 GC heap before
{Heap before GC invocations=92 (full 0):
 garbage-first heap   total 362496K, used 356151K [0x0000000705800000, 0x0000000800000000)
  region size 2048K, 12 young (24576K), 1 survivors (2048K)
 Metaspace       used 57052K, committed 57856K, reserved 1114112K
  class space    used 7811K, committed 8128K, reserved 1048576K
}
Event: 6732.895 GC heap after
{Heap after GC invocations=93 (full 0):
 garbage-first heap   total 366592K, used 43896K [0x0000000705800000, 0x0000000800000000)
  region size 2048K, 2 young (4096K), 2 survivors (4096K)
 Metaspace       used 57052K, committed 57856K, reserved 1114112K
  class space    used 7811K, committed 8128K, reserved 1048576K
}
Event: 6732.896 GC heap before
{Heap before GC invocations=93 (full 0):
 garbage-first heap   total 366592K, used 43896K [0x0000000705800000, 0x0000000800000000)
  region size 2048K, 3 young (6144K), 2 survivors (4096K)
 Metaspace       used 57052K, committed 57856K, reserved 1114112K
  class space    used 7811K, committed 8128K, reserved 1048576K
}
Event: 6732.898 GC heap after
{Heap after GC invocations=94 (full 0):
 garbage-first heap   total 366592K, used 44947K [0x0000000705800000, 0x0000000800000000)
  region size 2048K, 2 young (4096K), 2 survivors (4096K)
 Metaspace       used 57052K, committed 57856K, reserved 1114112K
  class space    used 7811K, committed 8128K, reserved 1048576K
}
Event: 6733.092 GC heap before
{Heap before GC invocations=95 (full 0):
 garbage-first heap   total 342016K, used 337811K [0x0000000705800000, 0x0000000800000000)
  region size 2048K, 8 young (16384K), 2 survivors (4096K)
 Metaspace       used 57052K, committed 57856K, reserved 1114112K
  class space    used 7811K, committed 8128K, reserved 1048576K
}
Event: 6733.094 GC heap after
{Heap after GC invocations=96 (full 0):
 garbage-first heap   total 344064K, used 41573K [0x0000000705800000, 0x0000000800000000)
  region size 2048K, 1 young (2048K), 1 survivors (2048K)
 Metaspace       used 57052K, committed 57856K, reserved 1114112K
  class space    used 7811K, committed 8128K, reserved 1048576K
}
Event: 6733.305 GC heap before
{Heap before GC invocations=96 (full 0):
 garbage-first heap   total 376832K, used 373349K [0x0000000705800000, 0x0000000800000000)
  region size 2048K, 10 young (20480K), 1 survivors (2048K)
 Metaspace       used 57052K, committed 57856K, reserved 1114112K
  class space    used 7811K, committed 8128K, reserved 1048576K
}
Event: 6733.308 GC heap after
{Heap after GC invocations=97 (full 0):
 garbage-first heap   total 382976K, used 44520K [0x0000000705800000, 0x0000000800000000)
  region size 2048K, 2 young (4096K), 2 survivors (4096K)
 Metaspace       used 57052K, committed 57856K, reserved 1114112K
  class space    used 7811K, committed 8128K, reserved 1048576K
}
Event: 6733.308 GC heap before
{Heap before GC invocations=97 (full 0):
 garbage-first heap   total 382976K, used 44520K [0x0000000705800000, 0x0000000800000000)
  region size 2048K, 3 young (6144K), 2 survivors (4096K)
 Metaspace       used 57052K, committed 57856K, reserved 1114112K
  class space    used 7811K, committed 8128K, reserved 1048576K
}
Event: 6733.310 GC heap after
{Heap after GC invocations=98 (full 0):
 garbage-first heap   total 382976K, used 44549K [0x0000000705800000, 0x0000000800000000)
  region size 2048K, 2 young (4096K), 2 survivors (4096K)
 Metaspace       used 57052K, committed 57856K, reserved 1114112K
  class space    used 7811K, committed 8128K, reserved 1048576K
}
Event: 6786.615 GC heap before
{Heap before GC invocations=99 (full 0):
 garbage-first heap   total 337920K, used 333317K [0x0000000705800000, 0x0000000800000000)
  region size 2048K, 10 young (20480K), 2 survivors (4096K)
 Metaspace       used 57052K, committed 57856K, reserved 1114112K
  class space    used 7811K, committed 8128K, reserved 1048576K
}
Event: 6786.617 GC heap after
{Heap after GC invocations=100 (full 0):
 garbage-first heap   total 339968K, used 37367K [0x0000000705800000, 0x0000000800000000)
  region size 2048K, 1 young (2048K), 1 survivors (2048K)
 Metaspace       used 57052K, committed 57856K, reserved 1114112K
  class space    used 7811K, committed 8128K, reserved 1048576K
}

