# JRE version: OpenJDK Runtime Environment Microsoft-11933218 (21.0.8+9) (build 21.0.8+9-LTS)
# Java VM: OpenJDK 64-Bit Server VM Microsoft-11933218 (21.0.8+9-LTS, mixed mode, emulated-client, sharing, tiered, compressed oops, compressed class ptrs, g1 gc, windows-amd64)
GC Precious Log:
 CardTable entry size: 512
 Card Set container configuration: InlinePtr #cards 4 size 8 Array Of Cards #cards 16 size 48 Howl #buckets 8 coarsen threshold 3686 Howl Bitmap #cards 512 size 80 coarsen threshold 460 Card regions per heap region 1 cards per card region 4096
 CPUs: 12 total, 12 available
 Memory: 16024M
 Large Page Support: Disabled
 NUMA Support: Disabled
 Compressed Oops: Enabled (Zero based)
 Heap Region Size: 2M
 Heap Min Capacity: 8M
 Heap Initial Capacity: 252M
 Heap Max Capacity: 4008M
 Pre-touch: Disabled
 Parallel Workers: 10
 Concurrent Workers: 3
 Concurrent Refinement Workers: 10
 Periodic GC: Disabled
Heap:
 garbage-first heap   total 139264K, used 132903K [0x0000000705800000, 0x0000000800000000)
  region size 2048K, 5 young (10240K), 1 survivors (2048K)
 Metaspace       used 51204K, committed 52032K, reserved 1114112K
  class space    used 7307K, committed 7680K, reserved 1048576K
GC Heap History (20 events):
Event: 0.777 GC heap before
{Heap before GC invocations=1 (full 0):
 garbage-first heap   total 258048K, used 34221K [0x0000000705800000, 0x0000000800000000)
  region size 2048K, 16 young (32768K), 2 survivors (4096K)
 Metaspace       used 11716K, committed 12096K, reserved 1114112K
  class space    used 1628K, committed 1792K, reserved 1048576K
}
Event: 0.781 GC heap after
{Heap after GC invocations=2 (full 0):
 garbage-first heap   total 258048K, used 8720K [0x0000000705800000, 0x0000000800000000)
  region size 2048K, 2 young (4096K), 2 survivors (4096K)
 Metaspace       used 11716K, committed 12096K, reserved 1114112K
  class space    used 1628K, committed 1792K, reserved 1048576K
}
Event: 1.121 GC heap before
{Heap before GC invocations=2 (full 0):
 garbage-first heap   total 258048K, used 51728K [0x0000000705800000, 0x0000000800000000)
  region size 2048K, 25 young (51200K), 2 survivors (4096K)
 Metaspace       used 21131K, committed 21504K, reserved 1114112K
  class space    used 2948K, committed 3136K, reserved 1048576K
}
Event: 1.125 GC heap after
{Heap after GC invocations=3 (full 0):
 garbage-first heap   total 258048K, used 12465K [0x0000000705800000, 0x0000000800000000)
  region size 2048K, 4 young (8192K), 4 survivors (8192K)
 Metaspace       used 21131K, committed 21504K, reserved 1114112K
  class space    used 2948K, committed 3136K, reserved 1048576K
}
Event: 1.561 GC heap before
{Heap before GC invocations=4 (full 0):
 garbage-first heap   total 49152K, used 47281K [0x0000000705800000, 0x0000000800000000)
  region size 2048K, 21 young (43008K), 4 survivors (8192K)
 Metaspace       used 24318K, committed 24768K, reserved 1114112K
  class space    used 3423K, committed 3584K, reserved 1048576K
}
Event: 1.566 GC heap after
{Heap after GC invocations=5 (full 0):
 garbage-first heap   total 59392K, used 15225K [0x0000000705800000, 0x0000000800000000)
  region size 2048K, 5 young (10240K), 5 survivors (10240K)
 Metaspace       used 24318K, committed 24768K, reserved 1114112K
  class space    used 3423K, committed 3584K, reserved 1048576K
}
Event: 1.817 GC heap before
{Heap before GC invocations=5 (full 0):
 garbage-first heap   total 59392K, used 39801K [0x0000000705800000, 0x0000000800000000)
  region size 2048K, 17 young (34816K), 5 survivors (10240K)
 Metaspace       used 28662K, committed 29184K, reserved 1114112K
  class space    used 4058K, committed 4288K, reserved 1048576K
}
Event: 1.825 GC heap after
{Heap after GC invocations=6 (full 0):
 garbage-first heap   total 59392K, used 17187K [0x0000000705800000, 0x0000000800000000)
  region size 2048K, 3 young (6144K), 3 survivors (6144K)
 Metaspace       used 28662K, committed 29184K, reserved 1114112K
  class space    used 4058K, committed 4288K, reserved 1048576K
}
Event: 2.160 GC heap before
{Heap before GC invocations=6 (full 0):
 garbage-first heap   total 59392K, used 45859K [0x0000000705800000, 0x0000000800000000)
  region size 2048K, 17 young (34816K), 3 survivors (6144K)
 Metaspace       used 34538K, committed 35136K, reserved 1114112K
  class space    used 4910K, committed 5184K, reserved 1048576K
}
Event: 2.165 GC heap after
{Heap after GC invocations=7 (full 0):
 garbage-first heap   total 59392K, used 19484K [0x0000000705800000, 0x0000000800000000)
  region size 2048K, 3 young (6144K), 3 survivors (6144K)
 Metaspace       used 34538K, committed 35136K, reserved 1114112K
  class space    used 4910K, committed 5184K, reserved 1048576K
}
Event: 2.216 GC heap before
{Heap before GC invocations=7 (full 0):
 garbage-first heap   total 59392K, used 21532K [0x0000000705800000, 0x0000000800000000)
  region size 2048K, 6 young (12288K), 3 survivors (6144K)
 Metaspace       used 35509K, committed 36096K, reserved 1114112K
  class space    used 5052K, committed 5312K, reserved 1048576K
}
Event: 2.220 GC heap after
{Heap after GC invocations=8 (full 0):
 garbage-first heap   total 159744K, used 20214K [0x0000000705800000, 0x0000000800000000)
  region size 2048K, 2 young (4096K), 2 survivors (4096K)
 Metaspace       used 35509K, committed 36096K, reserved 1114112K
  class space    used 5052K, committed 5312K, reserved 1048576K
}
Event: 2.695 GC heap before
{Heap before GC invocations=9 (full 0):
 garbage-first heap   total 75776K, used 61174K [0x0000000705800000, 0x0000000800000000)
  region size 2048K, 22 young (45056K), 2 survivors (4096K)
 Metaspace       used 40807K, committed 41536K, reserved 1114112K
  class space    used 5879K, committed 6208K, reserved 1048576K
}
Event: 2.699 GC heap after
{Heap after GC invocations=10 (full 0):
 garbage-first heap   total 75776K, used 23771K [0x0000000705800000, 0x0000000800000000)
  region size 2048K, 3 young (6144K), 3 survivors (6144K)
 Metaspace       used 40807K, committed 41536K, reserved 1114112K
  class space    used 5879K, committed 6208K, reserved 1048576K
}
Event: 31.512 GC heap before
{Heap before GC invocations=10 (full 0):
 garbage-first heap   total 75776K, used 60635K [0x0000000705800000, 0x0000000800000000)
  region size 2048K, 21 young (43008K), 3 survivors (6144K)
 Metaspace       used 48120K, committed 48896K, reserved 1114112K
  class space    used 6849K, committed 7168K, reserved 1048576K
}
Event: 31.519 GC heap after
{Heap after GC invocations=11 (full 0):
 garbage-first heap   total 75776K, used 25992K [0x0000000705800000, 0x0000000800000000)
  region size 2048K, 2 young (4096K), 2 survivors (4096K)
 Metaspace       used 48120K, committed 48896K, reserved 1114112K
  class space    used 6849K, committed 7168K, reserved 1048576K
}
Event: 32.774 GC heap before
{Heap before GC invocations=11 (full 0):
 garbage-first heap   total 75776K, used 44424K [0x0000000705800000, 0x0000000800000000)
  region size 2048K, 10 young (20480K), 2 survivors (4096K)
 Metaspace       used 51108K, committed 51840K, reserved 1114112K
  class space    used 7284K, committed 7616K, reserved 1048576K
}
Event: 32.781 GC heap after
{Heap after GC invocations=12 (full 0):
 garbage-first heap   total 75776K, used 33135K [0x0000000705800000, 0x0000000800000000)
  region size 2048K, 2 young (4096K), 2 survivors (4096K)
 Metaspace       used 51108K, committed 51840K, reserved 1114112K
  class space    used 7284K, committed 7616K, reserved 1048576K
}
Event: 32.783 GC heap before
{Heap before GC invocations=12 (full 0):
 garbage-first heap   total 75776K, used 37231K [0x0000000705800000, 0x0000000800000000)
  region size 2048K, 3 young (6144K), 2 survivors (4096K)
 Metaspace       used 51108K, committed 51840K, reserved 1114112K
  class space    used 7284K, committed 7616K, reserved 1048576K
}
Event: 32.790 GC heap after
{Heap after GC invocations=13 (full 0):
 garbage-first heap   total 75776K, used 37249K [0x0000000705800000, 0x0000000800000000)
  region size 2048K, 1 young (2048K), 1 survivors (2048K)
 Metaspace       used 51108K, committed 51840K, reserved 1114112K
  class space    used 7284K, committed 7616K, reserved 1048576K
}

