# JRE version: OpenJDK Runtime Environment Microsoft-11933218 (21.0.8+9) (build 21.0.8+9-LTS)
# Java VM: OpenJDK 64-Bit Server VM Microsoft-11933218 (21.0.8+9-LTS, mixed mode, emulated-client, sharing, tiered, compressed oops, compressed class ptrs, g1 gc, windows-amd64)
GC Precious Log:
 CardTable entry size: 512
 Card Set container configuration: InlinePtr #cards 4 size 8 Array Of Cards #cards 16 size 48 Howl #buckets 8 coarsen threshold 3686 Howl Bitmap #cards 512 size 80 coarsen threshold 460 Card regions per heap region 1 cards per card region 4096
 CPUs: 12 total, 12 available
 Memory: 16024M
 Large Page Support: Disabled
 NUMA Support: Disabled
 Compressed Oops: Enabled (Zero based)
 Heap Region Size: 2M
 Heap Min Capacity: 8M
 Heap Initial Capacity: 252M
 Heap Max Capacity: 4008M
 Pre-touch: Disabled
 Parallel Workers: 10
 Concurrent Workers: 3
 Concurrent Refinement Workers: 10
 Periodic GC: Disabled
Heap:
 garbage-first heap   total 49152K, used 19174K [0x0000000705800000, 0x0000000800000000)
  region size 2048K, 2 young (4096K), 2 survivors (4096K)
 Metaspace       used 39604K, committed 40128K, reserved 1114112K
  class space    used 5335K, committed 5568K, reserved 1048576K
GC Heap History (17 events):
Event: 2.412 GC heap before
{Heap before GC invocations=0 (full 0):
 garbage-first heap   total 258048K, used 22528K [0x0000000705800000, 0x0000000800000000)
  region size 2048K, 11 young (22528K), 0 survivors (0K)
 Metaspace       used 6569K, committed 6784K, reserved 1114112K
  class space    used 699K, committed 768K, reserved 1048576K
}
Event: 2.415 GC heap after
{Heap after GC invocations=1 (full 0):
 garbage-first heap   total 258048K, used 5394K [0x0000000705800000, 0x0000000800000000)
  region size 2048K, 2 young (4096K), 2 survivors (4096K)
 Metaspace       used 6569K, committed 6784K, reserved 1114112K
  class space    used 699K, committed 768K, reserved 1048576K
}
Event: 3.106 GC heap before
{Heap before GC invocations=1 (full 0):
 garbage-first heap   total 258048K, used 32018K [0x0000000705800000, 0x0000000800000000)
  region size 2048K, 16 young (32768K), 2 survivors (4096K)
 Metaspace       used 12980K, committed 13312K, reserved 1114112K
  class space    used 1662K, committed 1792K, reserved 1048576K
}
Event: 3.109 GC heap after
{Heap after GC invocations=2 (full 0):
 garbage-first heap   total 258048K, used 7614K [0x0000000705800000, 0x0000000800000000)
  region size 2048K, 2 young (4096K), 2 survivors (4096K)
 Metaspace       used 12980K, committed 13312K, reserved 1114112K
  class space    used 1662K, committed 1792K, reserved 1048576K
}
Event: 3.543 GC heap before
{Heap before GC invocations=2 (full 0):
 garbage-first heap   total 258048K, used 38334K [0x0000000705800000, 0x0000000800000000)
  region size 2048K, 19 young (38912K), 2 survivors (4096K)
 Metaspace       used 21153K, committed 21504K, reserved 1114112K
  class space    used 2654K, committed 2816K, reserved 1048576K
}
Event: 3.547 GC heap after
{Heap after GC invocations=3 (full 0):
 garbage-first heap   total 258048K, used 9746K [0x0000000705800000, 0x0000000800000000)
  region size 2048K, 3 young (6144K), 3 survivors (6144K)
 Metaspace       used 21153K, committed 21504K, reserved 1114112K
  class space    used 2654K, committed 2816K, reserved 1048576K
}
Event: 3.972 GC heap before
{Heap before GC invocations=4 (full 0):
 garbage-first heap   total 40960K, used 36370K [0x0000000705800000, 0x0000000800000000)
  region size 2048K, 17 young (34816K), 3 survivors (6144K)
 Metaspace       used 24967K, committed 25344K, reserved 1114112K
  class space    used 3212K, committed 3392K, reserved 1048576K
}
Event: 3.977 GC heap after
{Heap after GC invocations=5 (full 0):
 garbage-first heap   total 49152K, used 11951K [0x0000000705800000, 0x0000000800000000)
  region size 2048K, 4 young (8192K), 4 survivors (8192K)
 Metaspace       used 24967K, committed 25344K, reserved 1114112K
  class space    used 3212K, committed 3392K, reserved 1048576K
}
Event: 4.331 GC heap before
{Heap before GC invocations=5 (full 0):
 garbage-first heap   total 49152K, used 32431K [0x0000000705800000, 0x0000000800000000)
  region size 2048K, 14 young (28672K), 4 survivors (8192K)
 Metaspace       used 26062K, committed 26496K, reserved 1114112K
  class space    used 3397K, committed 3584K, reserved 1048576K
}
Event: 4.336 GC heap after
{Heap after GC invocations=6 (full 0):
 garbage-first heap   total 49152K, used 13301K [0x0000000705800000, 0x0000000800000000)
  region size 2048K, 1 young (2048K), 1 survivors (2048K)
 Metaspace       used 26062K, committed 26496K, reserved 1114112K
  class space    used 3397K, committed 3584K, reserved 1048576K
}
Event: 4.986 GC heap before
{Heap before GC invocations=6 (full 0):
 garbage-first heap   total 49152K, used 35829K [0x0000000705800000, 0x0000000800000000)
  region size 2048K, 13 young (26624K), 1 survivors (2048K)
 Metaspace       used 29133K, committed 29504K, reserved 1114112K
  class space    used 3831K, committed 3968K, reserved 1048576K
}
Event: 4.989 GC heap after
{Heap after GC invocations=7 (full 0):
 garbage-first heap   total 49152K, used 14718K [0x0000000705800000, 0x0000000800000000)
  region size 2048K, 2 young (4096K), 2 survivors (4096K)
 Metaspace       used 29133K, committed 29504K, reserved 1114112K
  class space    used 3831K, committed 3968K, reserved 1048576K
}
Event: 6.424 GC heap before
{Heap before GC invocations=7 (full 0):
 garbage-first heap   total 49152K, used 39294K [0x0000000705800000, 0x0000000800000000)
  region size 2048K, 14 young (28672K), 2 survivors (4096K)
 Metaspace       used 33926K, committed 34432K, reserved 1114112K
  class space    used 4508K, committed 4736K, reserved 1048576K
}
Event: 6.427 GC heap after
{Heap after GC invocations=8 (full 0):
 garbage-first heap   total 49152K, used 16776K [0x0000000705800000, 0x0000000800000000)
  region size 2048K, 2 young (4096K), 2 survivors (4096K)
 Metaspace       used 33926K, committed 34432K, reserved 1114112K
  class space    used 4508K, committed 4736K, reserved 1048576K
}
Event: 6.756 GC heap before
{Heap before GC invocations=8 (full 0):
 garbage-first heap   total 49152K, used 27016K [0x0000000705800000, 0x0000000800000000)
  region size 2048K, 8 young (16384K), 2 survivors (4096K)
 Metaspace       used 35387K, committed 35968K, reserved 1114112K
  class space    used 4711K, committed 4992K, reserved 1048576K
}
Event: 6.759 GC heap after
{Heap after GC invocations=9 (full 0):
 garbage-first heap   total 49152K, used 17735K [0x0000000705800000, 0x0000000800000000)
  region size 2048K, 1 young (2048K), 1 survivors (2048K)
 Metaspace       used 35387K, committed 35968K, reserved 1114112K
  class space    used 4711K, committed 4992K, reserved 1048576K
}
Event: 7.306 GC heap before
{Heap before GC invocations=10 (full 0):
 garbage-first heap   total 49152K, used 36167K [0x0000000705800000, 0x0000000800000000)
  region size 2048K, 11 young (22528K), 1 survivors (2048K)
 Metaspace       used 39604K, committed 40128K, reserved 1114112K
  class space    used 5335K, committed 5568K, reserved 1048576K
}

