# JRE version: OpenJDK Runtime Environment Microsoft-11933218 (21.0.8+9) (build 21.0.8+9-LTS)
# Java VM: OpenJDK 64-Bit Server VM Microsoft-11933218 (21.0.8+9-LTS, mixed mode, sharing, tiered, compressed oops, compressed class ptrs, g1 gc, windows-amd64)
GC Precious Log:
 CardTable entry size: 512
 Card Set container configuration: InlinePtr #cards 4 size 8 Array Of Cards #cards 16 size 48 Howl #buckets 8 coarsen threshold 3686 Howl Bitmap #cards 512 size 80 coarsen threshold 460 Card regions per heap region 1 cards per card region 4096
 CPUs: 12 total, 12 available
 Memory: 16024M
 Large Page Support: Disabled
 NUMA Support: Disabled
 Compressed Oops: Enabled (Zero based)
 Heap Region Size: 2M
 Heap Min Capacity: 8M
 Heap Initial Capacity: 252M
 Heap Max Capacity: 4008M
 Pre-touch: Disabled
 Parallel Workers: 10
 Concurrent Workers: 3
 Concurrent Refinement Workers: 10
 Periodic GC: Disabled
Heap:
 garbage-first heap   total 49152K, used 34448K [0x0000000705800000, 0x0000000800000000)
  region size 2048K, 11 young (22528K), 2 survivors (4096K)
 Metaspace       used 38397K, committed 38912K, reserved 1114112K
  class space    used 4718K, committed 4928K, reserved 1048576K
GC Heap History (16 events):
Event: 0.788 GC heap before
{Heap before GC invocations=0 (full 0):
 garbage-first heap   total 258048K, used 20480K [0x0000000705800000, 0x0000000800000000)
  region size 2048K, 11 young (22528K), 0 survivors (0K)
 Metaspace       used 6925K, committed 7168K, reserved 1114112K
  class space    used 665K, committed 768K, reserved 1048576K
}
Event: 0.793 GC heap after
{Heap after GC invocations=1 (full 0):
 garbage-first heap   total 258048K, used 6773K [0x0000000705800000, 0x0000000800000000)
  region size 2048K, 2 young (4096K), 2 survivors (4096K)
 Metaspace       used 6925K, committed 7168K, reserved 1114112K
  class space    used 665K, committed 768K, reserved 1048576K
}
Event: 1.582 GC heap before
{Heap before GC invocations=1 (full 0):
 garbage-first heap   total 258048K, used 33397K [0x0000000705800000, 0x0000000800000000)
  region size 2048K, 15 young (30720K), 2 survivors (4096K)
 Metaspace       used 13334K, committed 13632K, reserved 1114112K
  class space    used 1475K, committed 1600K, reserved 1048576K
}
Event: 1.585 GC heap after
{Heap after GC invocations=2 (full 0):
 garbage-first heap   total 258048K, used 8697K [0x0000000705800000, 0x0000000800000000)
  region size 2048K, 1 young (2048K), 1 survivors (2048K)
 Metaspace       used 13334K, committed 13632K, reserved 1114112K
  class space    used 1475K, committed 1600K, reserved 1048576K
}
Event: 1.991 GC heap before
{Heap before GC invocations=2 (full 0):
 garbage-first heap   total 258048K, used 39417K [0x0000000705800000, 0x0000000800000000)
  region size 2048K, 18 young (36864K), 1 survivors (2048K)
 Metaspace       used 21112K, committed 21504K, reserved 1114112K
  class space    used 2466K, committed 2624K, reserved 1048576K
}
Event: 1.995 GC heap after
{Heap after GC invocations=3 (full 0):
 garbage-first heap   total 258048K, used 10941K [0x0000000705800000, 0x0000000800000000)
  region size 2048K, 2 young (4096K), 2 survivors (4096K)
 Metaspace       used 21112K, committed 21504K, reserved 1114112K
  class space    used 2466K, committed 2624K, reserved 1048576K
}
Event: 2.338 GC heap before
{Heap before GC invocations=4 (full 0):
 garbage-first heap   total 40960K, used 39613K [0x0000000705800000, 0x0000000800000000)
  region size 2048K, 16 young (32768K), 2 survivors (4096K)
 Metaspace       used 26099K, committed 26496K, reserved 1114112K
  class space    used 3043K, committed 3200K, reserved 1048576K
}
Event: 2.342 GC heap after
{Heap after GC invocations=5 (full 0):
 garbage-first heap   total 49152K, used 13484K [0x0000000705800000, 0x0000000800000000)
  region size 2048K, 4 young (8192K), 4 survivors (8192K)
 Metaspace       used 26099K, committed 26496K, reserved 1114112K
  class space    used 3043K, committed 3200K, reserved 1048576K
}
Event: 2.670 GC heap before
{Heap before GC invocations=5 (full 0):
 garbage-first heap   total 49152K, used 33964K [0x0000000705800000, 0x0000000800000000)
  region size 2048K, 14 young (28672K), 4 survivors (8192K)
 Metaspace       used 28382K, committed 28800K, reserved 1114112K
  class space    used 3421K, committed 3648K, reserved 1048576K
}
Event: 2.674 GC heap after
{Heap after GC invocations=6 (full 0):
 garbage-first heap   total 49152K, used 14618K [0x0000000705800000, 0x0000000800000000)
  region size 2048K, 1 young (2048K), 1 survivors (2048K)
 Metaspace       used 28382K, committed 28800K, reserved 1114112K
  class space    used 3421K, committed 3648K, reserved 1048576K
}
Event: 3.279 GC heap before
{Heap before GC invocations=6 (full 0):
 garbage-first heap   total 49152K, used 37146K [0x0000000705800000, 0x0000000800000000)
  region size 2048K, 12 young (24576K), 1 survivors (2048K)
 Metaspace       used 31025K, committed 31488K, reserved 1114112K
  class space    used 3752K, committed 3968K, reserved 1048576K
}
Event: 3.281 GC heap after
{Heap after GC invocations=7 (full 0):
 garbage-first heap   total 49152K, used 15670K [0x0000000705800000, 0x0000000800000000)
  region size 2048K, 2 young (4096K), 2 survivors (4096K)
 Metaspace       used 31025K, committed 31488K, reserved 1114112K
  class space    used 3752K, committed 3968K, reserved 1048576K
}
Event: 3.814 GC heap before
{Heap before GC invocations=7 (full 0):
 garbage-first heap   total 49152K, used 34102K [0x0000000705800000, 0x0000000800000000)
  region size 2048K, 12 young (24576K), 2 survivors (4096K)
 Metaspace       used 34903K, committed 35456K, reserved 1114112K
  class space    used 4278K, committed 4544K, reserved 1048576K
}
Event: 3.816 GC heap after
{Heap after GC invocations=8 (full 0):
 garbage-first heap   total 49152K, used 17631K [0x0000000705800000, 0x0000000800000000)
  region size 2048K, 2 young (4096K), 2 survivors (4096K)
 Metaspace       used 34903K, committed 35456K, reserved 1114112K
  class space    used 4278K, committed 4544K, reserved 1048576K
}
Event: 3.906 GC heap before
{Heap before GC invocations=8 (full 0):
 garbage-first heap   total 49152K, used 19679K [0x0000000705800000, 0x0000000800000000)
  region size 2048K, 4 young (8192K), 2 survivors (4096K)
 Metaspace       used 35443K, committed 35968K, reserved 1114112K
  class space    used 4391K, committed 4672K, reserved 1048576K
}
Event: 3.909 GC heap after
{Heap after GC invocations=9 (full 0):
 garbage-first heap   total 49152K, used 18064K [0x0000000705800000, 0x0000000800000000)
  region size 2048K, 2 young (4096K), 2 survivors (4096K)
 Metaspace       used 35443K, committed 35968K, reserved 1114112K
  class space    used 4391K, committed 4672K, reserved 1048576K
}

