# JRE version: OpenJDK Runtime Environment Microsoft-11933218 (21.0.8+9) (build 21.0.8+9-LTS)
# Java VM: OpenJDK 64-Bit Server VM Microsoft-11933218 (21.0.8+9-LTS, mixed mode, emulated-client, sharing, tiered, compressed oops, compressed class ptrs, g1 gc, windows-amd64)
GC Precious Log:
 CardTable entry size: 512
 Card Set container configuration: InlinePtr #cards 4 size 8 Array Of Cards #cards 16 size 48 Howl #buckets 8 coarsen threshold 3686 Howl Bitmap #cards 512 size 80 coarsen threshold 460 Card regions per heap region 1 cards per card region 4096
 CPUs: 12 total, 12 available
 Memory: 16024M
 Large Page Support: Disabled
 NUMA Support: Disabled
 Compressed Oops: Enabled (Zero based)
 Heap Region Size: 2M
 Heap Min Capacity: 8M
 Heap Initial Capacity: 252M
 Heap Max Capacity: 4008M
 Pre-touch: Disabled
 Parallel Workers: 10
 Concurrent Workers: 3
 Concurrent Refinement Workers: 10
 Periodic GC: Disabled
Heap:
 garbage-first heap   total 176128K, used 155481K [0x0000000705800000, 0x0000000800000000)
  region size 2048K, 4 young (8192K), 2 survivors (4096K)
 Metaspace       used 51212K, committed 51968K, reserved 1114112K
  class space    used 7325K, committed 7680K, reserved 1048576K
GC Heap History (20 events):
Event: 3.001 GC heap before
{Heap before GC invocations=2 (full 0):
 garbage-first heap   total 258048K, used 51461K [0x0000000705800000, 0x0000000800000000)
  region size 2048K, 25 young (51200K), 2 survivors (4096K)
 Metaspace       used 21130K, committed 21504K, reserved 1114112K
  class space    used 2951K, committed 3136K, reserved 1048576K
}
Event: 3.007 GC heap after
{Heap after GC invocations=3 (full 0):
 garbage-first heap   total 258048K, used 12370K [0x0000000705800000, 0x0000000800000000)
  region size 2048K, 4 young (8192K), 4 survivors (8192K)
 Metaspace       used 21130K, committed 21504K, reserved 1114112K
  class space    used 2951K, committed 3136K, reserved 1048576K
}
Event: 3.918 GC heap before
{Heap before GC invocations=4 (full 0):
 garbage-first heap   total 49152K, used 47186K [0x0000000705800000, 0x0000000800000000)
  region size 2048K, 21 young (43008K), 4 survivors (8192K)
 Metaspace       used 24324K, committed 24768K, reserved 1114112K
  class space    used 3429K, committed 3584K, reserved 1048576K
}
Event: 3.924 GC heap after
{Heap after GC invocations=5 (full 0):
 garbage-first heap   total 59392K, used 14950K [0x0000000705800000, 0x0000000800000000)
  region size 2048K, 5 young (10240K), 5 survivors (10240K)
 Metaspace       used 24324K, committed 24768K, reserved 1114112K
  class space    used 3429K, committed 3584K, reserved 1048576K
}
Event: 4.397 GC heap before
{Heap before GC invocations=5 (full 0):
 garbage-first heap   total 59392K, used 39526K [0x0000000705800000, 0x0000000800000000)
  region size 2048K, 17 young (34816K), 5 survivors (10240K)
 Metaspace       used 28677K, committed 29312K, reserved 1114112K
  class space    used 4064K, committed 4352K, reserved 1048576K
}
Event: 4.404 GC heap after
{Heap after GC invocations=6 (full 0):
 garbage-first heap   total 59392K, used 16873K [0x0000000705800000, 0x0000000800000000)
  region size 2048K, 3 young (6144K), 3 survivors (6144K)
 Metaspace       used 28677K, committed 29312K, reserved 1114112K
  class space    used 4064K, committed 4352K, reserved 1048576K
}
Event: 5.142 GC heap before
{Heap before GC invocations=6 (full 0):
 garbage-first heap   total 59392K, used 43497K [0x0000000705800000, 0x0000000800000000)
  region size 2048K, 17 young (34816K), 3 survivors (6144K)
 Metaspace       used 34541K, committed 35136K, reserved 1114112K
  class space    used 4912K, committed 5184K, reserved 1048576K
}
Event: 5.147 GC heap after
{Heap after GC invocations=7 (full 0):
 garbage-first heap   total 59392K, used 19481K [0x0000000705800000, 0x0000000800000000)
  region size 2048K, 3 young (6144K), 3 survivors (6144K)
 Metaspace       used 34541K, committed 35136K, reserved 1114112K
  class space    used 4912K, committed 5184K, reserved 1048576K
}
Event: 5.250 GC heap before
{Heap before GC invocations=7 (full 0):
 garbage-first heap   total 59392K, used 23577K [0x0000000705800000, 0x0000000800000000)
  region size 2048K, 6 young (12288K), 3 survivors (6144K)
 Metaspace       used 35522K, committed 36096K, reserved 1114112K
  class space    used 5059K, committed 5312K, reserved 1048576K
}
Event: 5.253 GC heap after
{Heap after GC invocations=8 (full 0):
 garbage-first heap   total 59392K, used 20145K [0x0000000705800000, 0x0000000800000000)
  region size 2048K, 2 young (4096K), 2 survivors (4096K)
 Metaspace       used 35522K, committed 36096K, reserved 1114112K
  class space    used 5059K, committed 5312K, reserved 1048576K
}
Event: 6.103 GC heap before
{Heap before GC invocations=9 (full 0):
 garbage-first heap   total 59392K, used 46769K [0x0000000705800000, 0x0000000800000000)
  region size 2048K, 15 young (30720K), 2 survivors (4096K)
 Metaspace       used 39060K, committed 39680K, reserved 1114112K
  class space    used 5612K, committed 5888K, reserved 1048576K
}
Event: 6.107 GC heap after
{Heap after GC invocations=10 (full 0):
 garbage-first heap   total 59392K, used 23017K [0x0000000705800000, 0x0000000800000000)
  region size 2048K, 2 young (4096K), 2 survivors (4096K)
 Metaspace       used 39060K, committed 39680K, reserved 1114112K
  class space    used 5612K, committed 5888K, reserved 1048576K
}
Event: 6.770 GC heap before
{Heap before GC invocations=10 (full 0):
 garbage-first heap   total 59392K, used 49641K [0x0000000705800000, 0x0000000800000000)
  region size 2048K, 15 young (30720K), 2 survivors (4096K)
 Metaspace       used 42878K, committed 43584K, reserved 1114112K
  class space    used 6165K, committed 6464K, reserved 1048576K
}
Event: 6.775 GC heap after
{Heap after GC invocations=11 (full 0):
 garbage-first heap   total 59392K, used 24902K [0x0000000705800000, 0x0000000800000000)
  region size 2048K, 2 young (4096K), 2 survivors (4096K)
 Metaspace       used 42878K, committed 43584K, reserved 1114112K
  class space    used 6165K, committed 6464K, reserved 1048576K
}
Event: 29.392 GC heap before
{Heap before GC invocations=11 (full 0):
 garbage-first heap   total 59392K, used 47430K [0x0000000705800000, 0x0000000800000000)
  region size 2048K, 14 young (28672K), 2 survivors (4096K)
 Metaspace       used 48315K, committed 49088K, reserved 1114112K
  class space    used 6875K, committed 7232K, reserved 1048576K
}
Event: 29.397 GC heap after
{Heap after GC invocations=12 (full 0):
 garbage-first heap   total 59392K, used 26484K [0x0000000705800000, 0x0000000800000000)
  region size 2048K, 1 young (2048K), 1 survivors (2048K)
 Metaspace       used 48315K, committed 49088K, reserved 1114112K
  class space    used 6875K, committed 7232K, reserved 1048576K
}
Event: 29.855 GC heap before
{Heap before GC invocations=12 (full 0):
 garbage-first heap   total 59392K, used 34676K [0x0000000705800000, 0x0000000800000000)
  region size 2048K, 6 young (12288K), 1 survivors (2048K)
 Metaspace       used 50244K, committed 50944K, reserved 1114112K
  class space    used 7179K, committed 7488K, reserved 1048576K
}
Event: 29.858 GC heap after
{Heap after GC invocations=13 (full 0):
 garbage-first heap   total 59392K, used 26753K [0x0000000705800000, 0x0000000800000000)
  region size 2048K, 1 young (2048K), 1 survivors (2048K)
 Metaspace       used 50244K, committed 50944K, reserved 1114112K
  class space    used 7179K, committed 7488K, reserved 1048576K
}
Event: 30.017 GC heap before
{Heap before GC invocations=14 (full 0):
 garbage-first heap   total 71680K, used 67713K [0x0000000705800000, 0x0000000800000000)
  region size 2048K, 6 young (12288K), 1 survivors (2048K)
 Metaspace       used 51023K, committed 51776K, reserved 1114112K
  class space    used 7296K, committed 7616K, reserved 1048576K
}
Event: 30.021 GC heap after
{Heap after GC invocations=15 (full 0):
 garbage-first heap   total 75776K, used 42300K [0x0000000705800000, 0x0000000800000000)
  region size 2048K, 2 young (4096K), 2 survivors (4096K)
 Metaspace       used 51023K, committed 51776K, reserved 1114112K
  class space    used 7296K, committed 7616K, reserved 1048576K
}

