# JRE version: OpenJDK Runtime Environment Microsoft-11933218 (21.0.8+9) (build 21.0.8+9-LTS)
# Java VM: OpenJDK 64-Bit Server VM Microsoft-11933218 (21.0.8+9-LTS, mixed mode, emulated-client, sharing, tiered, compressed oops, compressed class ptrs, g1 gc, windows-amd64)
GC Precious Log:
 CardTable entry size: 512
 Card Set container configuration: InlinePtr #cards 4 size 8 Array Of Cards #cards 16 size 48 Howl #buckets 8 coarsen threshold 3686 Howl Bitmap #cards 512 size 80 coarsen threshold 460 Card regions per heap region 1 cards per card region 4096
 CPUs: 12 total, 12 available
 Memory: 16024M
 Large Page Support: Disabled
 NUMA Support: Disabled
 Compressed Oops: Enabled (Zero based)
 Heap Region Size: 2M
 Heap Min Capacity: 8M
 Heap Initial Capacity: 252M
 Heap Max Capacity: 4008M
 Pre-touch: Disabled
 Parallel Workers: 10
 Concurrent Workers: 3
 Concurrent Refinement Workers: 10
 Periodic GC: Disabled
Heap:
 garbage-first heap   total 262144K, used 258690K [0x0000000705800000, 0x0000000800000000)
  region size 2048K, 6 young (12288K), 1 survivors (2048K)
 Metaspace       used 51207K, committed 51840K, reserved 1114112K
  class space    used 7322K, committed 7616K, reserved 1048576K
GC Heap History (20 events):
Event: 6.004 GC heap before
{Heap before GC invocations=4 (full 0):
 garbage-first heap   total 49152K, used 47028K [0x0000000705800000, 0x0000000800000000)
  region size 2048K, 21 young (43008K), 4 survivors (8192K)
 Metaspace       used 24314K, committed 24768K, reserved 1114112K
  class space    used 3426K, committed 3584K, reserved 1048576K
}
Event: 6.013 GC heap after
{Heap after GC invocations=5 (full 0):
 garbage-first heap   total 59392K, used 14577K [0x0000000705800000, 0x0000000800000000)
  region size 2048K, 5 young (10240K), 5 survivors (10240K)
 Metaspace       used 24314K, committed 24768K, reserved 1114112K
  class space    used 3426K, committed 3584K, reserved 1048576K
}
Event: 7.250 GC heap before
{Heap before GC invocations=5 (full 0):
 garbage-first heap   total 59392K, used 39153K [0x0000000705800000, 0x0000000800000000)
  region size 2048K, 17 young (34816K), 5 survivors (10240K)
 Metaspace       used 28682K, committed 29312K, reserved 1114112K
  class space    used 4067K, committed 4352K, reserved 1048576K
}
Event: 7.261 GC heap after
{Heap after GC invocations=6 (full 0):
 garbage-first heap   total 59392K, used 16698K [0x0000000705800000, 0x0000000800000000)
  region size 2048K, 3 young (6144K), 3 survivors (6144K)
 Metaspace       used 28682K, committed 29312K, reserved 1114112K
  class space    used 4067K, committed 4352K, reserved 1048576K
}
Event: 8.711 GC heap before
{Heap before GC invocations=6 (full 0):
 garbage-first heap   total 59392K, used 43322K [0x0000000705800000, 0x0000000800000000)
  region size 2048K, 17 young (34816K), 3 survivors (6144K)
 Metaspace       used 34345K, committed 34880K, reserved 1114112K
  class space    used 4892K, committed 5120K, reserved 1048576K
}
Event: 8.718 GC heap after
{Heap after GC invocations=7 (full 0):
 garbage-first heap   total 59392K, used 19567K [0x0000000705800000, 0x0000000800000000)
  region size 2048K, 3 young (6144K), 3 survivors (6144K)
 Metaspace       used 34345K, committed 34880K, reserved 1114112K
  class space    used 4892K, committed 5120K, reserved 1048576K
}
Event: 9.015 GC heap before
{Heap before GC invocations=7 (full 0):
 garbage-first heap   total 59392K, used 23663K [0x0000000705800000, 0x0000000800000000)
  region size 2048K, 6 young (12288K), 3 survivors (6144K)
 Metaspace       used 35541K, committed 36096K, reserved 1114112K
  class space    used 5082K, committed 5312K, reserved 1048576K
}
Event: 9.020 GC heap after
{Heap after GC invocations=8 (full 0):
 garbage-first heap   total 59392K, used 20489K [0x0000000705800000, 0x0000000800000000)
  region size 2048K, 1 young (2048K), 1 survivors (2048K)
 Metaspace       used 35541K, committed 36096K, reserved 1114112K
  class space    used 5082K, committed 5312K, reserved 1048576K
}
Event: 26.362 GC heap before
{Heap before GC invocations=9 (full 0):
 garbage-first heap   total 59392K, used 45065K [0x0000000705800000, 0x0000000800000000)
  region size 2048K, 14 young (28672K), 1 survivors (2048K)
 Metaspace       used 39199K, committed 39872K, reserved 1114112K
  class space    used 5648K, committed 5952K, reserved 1048576K
}
Event: 26.366 GC heap after
{Heap after GC invocations=10 (full 0):
 garbage-first heap   total 59392K, used 22750K [0x0000000705800000, 0x0000000800000000)
  region size 2048K, 2 young (4096K), 2 survivors (4096K)
 Metaspace       used 39199K, committed 39872K, reserved 1114112K
  class space    used 5648K, committed 5952K, reserved 1048576K
}
Event: 27.380 GC heap before
{Heap before GC invocations=10 (full 0):
 garbage-first heap   total 59392K, used 47326K [0x0000000705800000, 0x0000000800000000)
  region size 2048K, 15 young (30720K), 2 survivors (4096K)
 Metaspace       used 43008K, committed 43712K, reserved 1114112K
  class space    used 6201K, committed 6528K, reserved 1048576K
}
Event: 27.385 GC heap after
{Heap after GC invocations=11 (full 0):
 garbage-first heap   total 59392K, used 24840K [0x0000000705800000, 0x0000000800000000)
  region size 2048K, 2 young (4096K), 2 survivors (4096K)
 Metaspace       used 43008K, committed 43712K, reserved 1114112K
  class space    used 6201K, committed 6528K, reserved 1048576K
}
Event: 35.610 GC heap before
{Heap before GC invocations=11 (full 0):
 garbage-first heap   total 59392K, used 47368K [0x0000000705800000, 0x0000000800000000)
  region size 2048K, 14 young (28672K), 2 survivors (4096K)
 Metaspace       used 48656K, committed 49408K, reserved 1114112K
  class space    used 6947K, committed 7296K, reserved 1048576K
}
Event: 35.615 GC heap after
{Heap after GC invocations=12 (full 0):
 garbage-first heap   total 59392K, used 26378K [0x0000000705800000, 0x0000000800000000)
  region size 2048K, 1 young (2048K), 1 survivors (2048K)
 Metaspace       used 48656K, committed 49408K, reserved 1114112K
  class space    used 6947K, committed 7296K, reserved 1048576K
}
Event: 35.849 GC heap before
{Heap before GC invocations=12 (full 0):
 garbage-first heap   total 59392K, used 34570K [0x0000000705800000, 0x0000000800000000)
  region size 2048K, 6 young (12288K), 1 survivors (2048K)
 Metaspace       used 50426K, committed 51200K, reserved 1114112K
  class space    used 7216K, committed 7552K, reserved 1048576K
}
Event: 35.852 GC heap after
{Heap after GC invocations=13 (full 0):
 garbage-first heap   total 59392K, used 26668K [0x0000000705800000, 0x0000000800000000)
  region size 2048K, 1 young (2048K), 1 survivors (2048K)
 Metaspace       used 50426K, committed 51200K, reserved 1114112K
  class space    used 7216K, committed 7552K, reserved 1048576K
}
Event: 35.870 GC heap before
{Heap before GC invocations=13 (full 0):
 garbage-first heap   total 59392K, used 36908K [0x0000000705800000, 0x0000000800000000)
  region size 2048K, 2 young (4096K), 1 survivors (2048K)
 Metaspace       used 50666K, committed 51392K, reserved 1114112K
  class space    used 7244K, committed 7552K, reserved 1048576K
}
Event: 35.872 GC heap after
{Heap after GC invocations=14 (full 0):
 garbage-first heap   total 59392K, used 37698K [0x0000000705800000, 0x0000000800000000)
  region size 2048K, 2 young (4096K), 2 survivors (4096K)
 Metaspace       used 50666K, committed 51392K, reserved 1114112K
  class space    used 7244K, committed 7552K, reserved 1048576K
}
Event: 35.976 GC heap before
{Heap before GC invocations=15 (full 0):
 garbage-first heap   total 133120K, used 127810K [0x0000000705800000, 0x0000000800000000)
  region size 2048K, 7 young (14336K), 2 survivors (4096K)
 Metaspace       used 51174K, committed 51840K, reserved 1114112K
  class space    used 7316K, committed 7616K, reserved 1048576K
}
Event: 35.979 GC heap after
{Heap after GC invocations=16 (full 0):
 garbage-first heap   total 208896K, used 78928K [0x0000000705800000, 0x0000000800000000)
  region size 2048K, 1 young (2048K), 1 survivors (2048K)
 Metaspace       used 51174K, committed 51840K, reserved 1114112K
  class space    used 7316K, committed 7616K, reserved 1048576K
}

