# JRE version: OpenJDK Runtime Environment Microsoft-11933218 (21.0.8+9) (build 21.0.8+9-LTS)
# Java VM: OpenJDK 64-Bit Server VM Microsoft-11933218 (21.0.8+9-LTS, mixed mode, sharing, tiered, compressed oops, compressed class ptrs, g1 gc, windows-amd64)
GC Precious Log:
 CardTable entry size: 512
 Card Set container configuration: InlinePtr #cards 4 size 8 Array Of Cards #cards 16 size 48 Howl #buckets 8 coarsen threshold 3686 Howl Bitmap #cards 512 size 80 coarsen threshold 460 Card regions per heap region 1 cards per card region 4096
 CPUs: 12 total, 12 available
 Memory: 16024M
 Large Page Support: Disabled
 NUMA Support: Disabled
 Compressed Oops: Enabled (Zero based)
 Heap Region Size: 2M
 Heap Min Capacity: 8M
 Heap Initial Capacity: 252M
 Heap Max Capacity: 4008M
 Pre-touch: Disabled
 Parallel Workers: 10
 Concurrent Workers: 3
 Concurrent Refinement Workers: 10
 Periodic GC: Disabled
Heap:
 garbage-first heap   total 157696K, used 45208K [0x0000000705800000, 0x0000000800000000)
  region size 2048K, 7 young (14336K), 2 survivors (4096K)
 Metaspace       used 51059K, committed 51776K, reserved 1114112K
  class space    used 6895K, committed 7232K, reserved 1048576K
GC Heap History (20 events):
Event: 3.791 GC heap before
{Heap before GC invocations=4 (full 0):
 garbage-first heap   total 40960K, used 40443K [0x0000000705800000, 0x0000000800000000)
  region size 2048K, 17 young (34816K), 3 survivors (6144K)
 Metaspace       used 24499K, committed 24960K, reserved 1114112K
  class space    used 3149K, committed 3328K, reserved 1048576K
}
Event: 3.798 GC heap after
{Heap after GC invocations=5 (full 0):
 garbage-first heap   total 49152K, used 13825K [0x0000000705800000, 0x0000000800000000)
  region size 2048K, 4 young (8192K), 4 survivors (8192K)
 Metaspace       used 24499K, committed 24960K, reserved 1114112K
  class space    used 3149K, committed 3328K, reserved 1048576K
}
Event: 4.489 GC heap before
{Heap before GC invocations=5 (full 0):
 garbage-first heap   total 49152K, used 34305K [0x0000000705800000, 0x0000000800000000)
  region size 2048K, 14 young (28672K), 4 survivors (8192K)
 Metaspace       used 28426K, committed 28992K, reserved 1114112K
  class space    used 3671K, committed 3904K, reserved 1048576K
}
Event: 4.496 GC heap after
{Heap after GC invocations=6 (full 0):
 garbage-first heap   total 49152K, used 15240K [0x0000000705800000, 0x0000000800000000)
  region size 2048K, 2 young (4096K), 2 survivors (4096K)
 Metaspace       used 28426K, committed 28992K, reserved 1114112K
  class space    used 3671K, committed 3904K, reserved 1048576K
}
Event: 5.242 GC heap before
{Heap before GC invocations=6 (full 0):
 garbage-first heap   total 49152K, used 35720K [0x0000000705800000, 0x0000000800000000)
  region size 2048K, 12 young (24576K), 2 survivors (4096K)
 Metaspace       used 32524K, committed 33024K, reserved 1114112K
  class space    used 4204K, committed 4416K, reserved 1048576K
}
Event: 5.246 GC heap after
{Heap after GC invocations=7 (full 0):
 garbage-first heap   total 49152K, used 16873K [0x0000000705800000, 0x0000000800000000)
  region size 2048K, 2 young (4096K), 2 survivors (4096K)
 Metaspace       used 32524K, committed 33024K, reserved 1114112K
  class space    used 4204K, committed 4416K, reserved 1048576K
}
Event: 5.888 GC heap before
{Heap before GC invocations=7 (full 0):
 garbage-first heap   total 49152K, used 29161K [0x0000000705800000, 0x0000000800000000)
  region size 2048K, 9 young (18432K), 2 survivors (4096K)
 Metaspace       used 35870K, committed 36480K, reserved 1114112K
  class space    used 4661K, committed 4928K, reserved 1048576K
}
Event: 5.892 GC heap after
{Heap after GC invocations=8 (full 0):
 garbage-first heap   total 49152K, used 18096K [0x0000000705800000, 0x0000000800000000)
  region size 2048K, 2 young (4096K), 2 survivors (4096K)
 Metaspace       used 35870K, committed 36480K, reserved 1114112K
  class space    used 4661K, committed 4928K, reserved 1048576K
}
Event: 6.781 GC heap before
{Heap before GC invocations=9 (full 0):
 garbage-first heap   total 49152K, used 38576K [0x0000000705800000, 0x0000000800000000)
  region size 2048K, 12 young (24576K), 2 survivors (4096K)
 Metaspace       used 39899K, committed 40512K, reserved 1114112K
  class space    used 5314K, committed 5568K, reserved 1048576K
}
Event: 6.786 GC heap after
{Heap after GC invocations=10 (full 0):
 garbage-first heap   total 49152K, used 20593K [0x0000000705800000, 0x0000000800000000)
  region size 2048K, 2 young (4096K), 2 survivors (4096K)
 Metaspace       used 39899K, committed 40512K, reserved 1114112K
  class space    used 5314K, committed 5568K, reserved 1048576K
}
Event: 7.517 GC heap before
{Heap before GC invocations=10 (full 0):
 garbage-first heap   total 49152K, used 39025K [0x0000000705800000, 0x0000000800000000)
  region size 2048K, 11 young (22528K), 2 survivors (4096K)
 Metaspace       used 42800K, committed 43392K, reserved 1114112K
  class space    used 5684K, committed 5952K, reserved 1048576K
}
Event: 7.521 GC heap after
{Heap after GC invocations=11 (full 0):
 garbage-first heap   total 49152K, used 22441K [0x0000000705800000, 0x0000000800000000)
  region size 2048K, 1 young (2048K), 1 survivors (2048K)
 Metaspace       used 42800K, committed 43392K, reserved 1114112K
  class space    used 5684K, committed 5952K, reserved 1048576K
}
Event: 8.453 GC heap before
{Heap before GC invocations=11 (full 0):
 garbage-first heap   total 49152K, used 40873K [0x0000000705800000, 0x0000000800000000)
  region size 2048K, 10 young (20480K), 1 survivors (2048K)
 Metaspace       used 45468K, committed 46144K, reserved 1114112K
  class space    used 6084K, committed 6400K, reserved 1048576K
}
Event: 8.457 GC heap after
{Heap after GC invocations=12 (full 0):
 garbage-first heap   total 49152K, used 24266K [0x0000000705800000, 0x0000000800000000)
  region size 2048K, 2 young (4096K), 2 survivors (4096K)
 Metaspace       used 45468K, committed 46144K, reserved 1114112K
  class space    used 6084K, committed 6400K, reserved 1048576K
}
Event: 32.998 GC heap before
{Heap before GC invocations=12 (full 0):
 garbage-first heap   total 49152K, used 40650K [0x0000000705800000, 0x0000000800000000)
  region size 2048K, 10 young (20480K), 2 survivors (4096K)
 Metaspace       used 49137K, committed 49792K, reserved 1114112K
  class space    used 6614K, committed 6912K, reserved 1048576K
}
Event: 33.005 GC heap after
{Heap after GC invocations=13 (full 0):
 garbage-first heap   total 49152K, used 25413K [0x0000000705800000, 0x0000000800000000)
  region size 2048K, 2 young (4096K), 2 survivors (4096K)
 Metaspace       used 49137K, committed 49792K, reserved 1114112K
  class space    used 6614K, committed 6912K, reserved 1048576K
}
Event: 33.113 GC heap before
{Heap before GC invocations=13 (full 0):
 garbage-first heap   total 49152K, used 27461K [0x0000000705800000, 0x0000000800000000)
  region size 2048K, 4 young (8192K), 2 survivors (4096K)
 Metaspace       used 49562K, committed 50240K, reserved 1114112K
  class space    used 6683K, committed 6976K, reserved 1048576K
}
Event: 33.116 GC heap after
{Heap after GC invocations=14 (full 0):
 garbage-first heap   total 49152K, used 25443K [0x0000000705800000, 0x0000000800000000)
  region size 2048K, 1 young (2048K), 1 survivors (2048K)
 Metaspace       used 49562K, committed 50240K, reserved 1114112K
  class space    used 6683K, committed 6976K, reserved 1048576K
}
Event: 33.295 GC heap before
{Heap before GC invocations=15 (full 0):
 garbage-first heap   total 51200K, used 47971K [0x0000000705800000, 0x0000000800000000)
  region size 2048K, 7 young (14336K), 1 survivors (2048K)
 Metaspace       used 50530K, committed 51328K, reserved 1114112K
  class space    used 6841K, committed 7168K, reserved 1048576K
}
Event: 33.299 GC heap after
{Heap after GC invocations=16 (full 0):
 garbage-first heap   total 157696K, used 28824K [0x0000000705800000, 0x0000000800000000)
  region size 2048K, 2 young (4096K), 2 survivors (4096K)
 Metaspace       used 50530K, committed 51328K, reserved 1114112K
  class space    used 6841K, committed 7168K, reserved 1048576K
}

