# JRE version: OpenJDK Runtime Environment Microsoft-11933218 (21.0.8+9) (build 21.0.8+9-LTS)
# Java VM: OpenJDK 64-Bit Server VM Microsoft-11933218 (21.0.8+9-LTS, mixed mode, emulated-client, sharing, tiered, compressed oops, compressed class ptrs, g1 gc, windows-amd64)
GC Precious Log:
 CardTable entry size: 512
 Card Set container configuration: InlinePtr #cards 4 size 8 Array Of Cards #cards 16 size 48 Howl #buckets 8 coarsen threshold 3686 Howl Bitmap #cards 512 size 80 coarsen threshold 460 Card regions per heap region 1 cards per card region 4096
 CPUs: 12 total, 12 available
 Memory: 16024M
 Large Page Support: Disabled
 NUMA Support: Disabled
 Compressed Oops: Enabled (Zero based)
 Heap Region Size: 2M
 Heap Min Capacity: 8M
 Heap Initial Capacity: 252M
 Heap Max Capacity: 4008M
 Pre-touch: Disabled
 Parallel Workers: 10
 Concurrent Workers: 3
 Concurrent Refinement Workers: 10
 Periodic GC: Disabled
Heap:
 garbage-first heap   total 479232K, used 62934K [0x0000000705800000, 0x0000000800000000)
  region size 2048K, 3 young (6144K), 3 survivors (6144K)
 Metaspace       used 52067K, committed 52864K, reserved 1114112K
  class space    used 7445K, committed 7808K, reserved 1048576K
GC Heap History (20 events):
Event: 18.179 GC heap after
{Heap after GC invocations=12 (full 0):
 garbage-first heap   total 159744K, used 54270K [0x0000000705800000, 0x0000000800000000)
  region size 2048K, 3 young (6144K), 3 survivors (6144K)
 Metaspace       used 51272K, committed 52032K, reserved 1114112K
  class space    used 7327K, committed 7680K, reserved 1048576K
}
Event: 18.184 GC heap before
{Heap before GC invocations=12 (full 0):
 garbage-first heap   total 159744K, used 74750K [0x0000000705800000, 0x0000000800000000)
  region size 2048K, 4 young (8192K), 3 survivors (6144K)
 Metaspace       used 51272K, committed 52032K, reserved 1114112K
  class space    used 7327K, committed 7680K, reserved 1048576K
}
Event: 18.187 GC heap after
{Heap after GC invocations=13 (full 0):
 garbage-first heap   total 159744K, used 64429K [0x0000000705800000, 0x0000000800000000)
  region size 2048K, 3 young (6144K), 3 survivors (6144K)
 Metaspace       used 51272K, committed 52032K, reserved 1114112K
  class space    used 7327K, committed 7680K, reserved 1048576K
}
Event: 18.190 GC heap before
{Heap before GC invocations=13 (full 0):
 garbage-first heap   total 159744K, used 74669K [0x0000000705800000, 0x0000000800000000)
  region size 2048K, 4 young (8192K), 3 survivors (6144K)
 Metaspace       used 51272K, committed 52032K, reserved 1114112K
  class space    used 7327K, committed 7680K, reserved 1048576K
}
Event: 18.192 GC heap after
{Heap after GC invocations=14 (full 0):
 garbage-first heap   total 159744K, used 54247K [0x0000000705800000, 0x0000000800000000)
  region size 2048K, 3 young (6144K), 3 survivors (6144K)
 Metaspace       used 51272K, committed 52032K, reserved 1114112K
  class space    used 7327K, committed 7680K, reserved 1048576K
}
Event: 18.199 GC heap before
{Heap before GC invocations=14 (full 0):
 garbage-first heap   total 159744K, used 76775K [0x0000000705800000, 0x0000000800000000)
  region size 2048K, 4 young (8192K), 3 survivors (6144K)
 Metaspace       used 51272K, committed 52032K, reserved 1114112K
  class space    used 7327K, committed 7680K, reserved 1048576K
}
Event: 18.201 GC heap after
{Heap after GC invocations=15 (full 0):
 garbage-first heap   total 159744K, used 52211K [0x0000000705800000, 0x0000000800000000)
  region size 2048K, 3 young (6144K), 3 survivors (6144K)
 Metaspace       used 51272K, committed 52032K, reserved 1114112K
  class space    used 7327K, committed 7680K, reserved 1048576K
}
Event: 18.204 GC heap before
{Heap before GC invocations=15 (full 0):
 garbage-first heap   total 159744K, used 74739K [0x0000000705800000, 0x0000000800000000)
  region size 2048K, 4 young (8192K), 3 survivors (6144K)
 Metaspace       used 51272K, committed 52032K, reserved 1114112K
  class space    used 7327K, committed 7680K, reserved 1048576K
}
Event: 18.208 GC heap after
{Heap after GC invocations=16 (full 0):
 garbage-first heap   total 479232K, used 62277K [0x0000000705800000, 0x0000000800000000)
  region size 2048K, 3 young (6144K), 3 survivors (6144K)
 Metaspace       used 51272K, committed 52032K, reserved 1114112K
  class space    used 7327K, committed 7680K, reserved 1048576K
}
Event: 18.303 GC heap before
{Heap before GC invocations=16 (full 0):
 garbage-first heap   total 479232K, used 217925K [0x0000000705800000, 0x0000000800000000)
  region size 2048K, 8 young (16384K), 3 survivors (6144K)
 Metaspace       used 51295K, committed 52032K, reserved 1114112K
  class space    used 7332K, committed 7680K, reserved 1048576K
}
Event: 18.307 GC heap after
{Heap after GC invocations=17 (full 0):
 garbage-first heap   total 479232K, used 62468K [0x0000000705800000, 0x0000000800000000)
  region size 2048K, 3 young (6144K), 3 survivors (6144K)
 Metaspace       used 51295K, committed 52032K, reserved 1114112K
  class space    used 7332K, committed 7680K, reserved 1048576K
}
Event: 26.218 GC heap before
{Heap before GC invocations=17 (full 0):
 garbage-first heap   total 479232K, used 228356K [0x0000000705800000, 0x0000000800000000)
  region size 2048K, 13 young (26624K), 3 survivors (6144K)
 Metaspace       used 52053K, committed 52800K, reserved 1114112K
  class space    used 7440K, committed 7808K, reserved 1048576K
}
Event: 26.228 GC heap after
{Heap after GC invocations=18 (full 0):
 garbage-first heap   total 479232K, used 62622K [0x0000000705800000, 0x0000000800000000)
  region size 2048K, 3 young (6144K), 3 survivors (6144K)
 Metaspace       used 52053K, committed 52800K, reserved 1114112K
  class space    used 7440K, committed 7808K, reserved 1048576K
}
Event: 26.364 GC heap before
{Heap before GC invocations=18 (full 0):
 garbage-first heap   total 479232K, used 218270K [0x0000000705800000, 0x0000000800000000)
  region size 2048K, 8 young (16384K), 3 survivors (6144K)
 Metaspace       used 52055K, committed 52864K, reserved 1114112K
  class space    used 7440K, committed 7808K, reserved 1048576K
}
Event: 26.368 GC heap after
{Heap after GC invocations=19 (full 0):
 garbage-first heap   total 479232K, used 62824K [0x0000000705800000, 0x0000000800000000)
  region size 2048K, 3 young (6144K), 3 survivors (6144K)
 Metaspace       used 52055K, committed 52864K, reserved 1114112K
  class space    used 7440K, committed 7808K, reserved 1048576K
}
Event: 48.706 GC heap before
{Heap before GC invocations=19 (full 0):
 garbage-first heap   total 479232K, used 226664K [0x0000000705800000, 0x0000000800000000)
  region size 2048K, 12 young (24576K), 3 survivors (6144K)
 Metaspace       used 52056K, committed 52864K, reserved 1114112K
  class space    used 7441K, committed 7808K, reserved 1048576K
}
Event: 48.711 GC heap after
{Heap after GC invocations=20 (full 0):
 garbage-first heap   total 479232K, used 62830K [0x0000000705800000, 0x0000000800000000)
  region size 2048K, 3 young (6144K), 3 survivors (6144K)
 Metaspace       used 52056K, committed 52864K, reserved 1114112K
  class space    used 7441K, committed 7808K, reserved 1048576K
}
Event: 48.841 GC heap before
{Heap before GC invocations=20 (full 0):
 garbage-first heap   total 479232K, used 218478K [0x0000000705800000, 0x0000000800000000)
  region size 2048K, 8 young (16384K), 3 survivors (6144K)
 Metaspace       used 52056K, committed 52864K, reserved 1114112K
  class space    used 7441K, committed 7808K, reserved 1048576K
}
Event: 48.846 GC heap after
{Heap after GC invocations=21 (full 0):
 garbage-first heap   total 479232K, used 62809K [0x0000000705800000, 0x0000000800000000)
  region size 2048K, 3 young (6144K), 3 survivors (6144K)
 Metaspace       used 52056K, committed 52864K, reserved 1114112K
  class space    used 7441K, committed 7808K, reserved 1048576K
}
Event: 271.373 GC heap before
{Heap before GC invocations=21 (full 0):
 garbage-first heap   total 479232K, used 247129K [0x0000000705800000, 0x0000000800000000)
  region size 2048K, 19 young (38912K), 3 survivors (6144K)
 Metaspace       used 52067K, committed 52864K, reserved 1114112K
  class space    used 7445K, committed 7808K, reserved 1048576K
}

