# JRE version: OpenJDK Runtime Environment Microsoft-11933218 (21.0.8+9) (build 21.0.8+9-LTS)
# Java VM: OpenJDK 64-Bit Server VM Microsoft-11933218 (21.0.8+9-LTS, mixed mode, sharing, tiered, compressed oops, compressed class ptrs, g1 gc, windows-amd64)
GC Precious Log:
 CardTable entry size: 512
 Card Set container configuration: InlinePtr #cards 4 size 8 Array Of Cards #cards 16 size 48 Howl #buckets 8 coarsen threshold 3686 Howl Bitmap #cards 512 size 80 coarsen threshold 460 Card regions per heap region 1 cards per card region 4096
 CPUs: 12 total, 12 available
 Memory: 16024M
 Large Page Support: Disabled
 NUMA Support: Disabled
 Compressed Oops: Enabled (Zero based)
 Heap Region Size: 2M
 Heap Min Capacity: 8M
 Heap Initial Capacity: 252M
 Heap Max Capacity: 4008M
 Pre-touch: Disabled
 Parallel Workers: 10
 Concurrent Workers: 3
 Concurrent Refinement Workers: 10
 Periodic GC: Disabled
Heap:
 garbage-first heap   total 153600K, used 44369K [0x0000000705800000, 0x0000000800000000)
  region size 2048K, 16 young (32768K), 2 survivors (4096K)
 Metaspace       used 44599K, committed 45184K, reserved 1114112K
  class space    used 5616K, committed 5888K, reserved 1048576K
GC Heap History (18 events):
Event: 1.342 GC heap before
{Heap before GC invocations=0 (full 0):
 garbage-first heap   total 258048K, used 22528K [0x0000000705800000, 0x0000000800000000)
  region size 2048K, 11 young (22528K), 0 survivors (0K)
 Metaspace       used 6963K, committed 7168K, reserved 1114112K
  class space    used 666K, committed 768K, reserved 1048576K
}
Event: 1.346 GC heap after
{Heap after GC invocations=1 (full 0):
 garbage-first heap   total 258048K, used 6915K [0x0000000705800000, 0x0000000800000000)
  region size 2048K, 2 young (4096K), 2 survivors (4096K)
 Metaspace       used 6963K, committed 7168K, reserved 1114112K
  class space    used 666K, committed 768K, reserved 1048576K
}
Event: 2.032 GC heap before
{Heap before GC invocations=1 (full 0):
 garbage-first heap   total 258048K, used 29443K [0x0000000705800000, 0x0000000800000000)
  region size 2048K, 14 young (28672K), 2 survivors (4096K)
 Metaspace       used 12977K, committed 13312K, reserved 1114112K
  class space    used 1431K, committed 1600K, reserved 1048576K
}
Event: 2.036 GC heap after
{Heap after GC invocations=2 (full 0):
 garbage-first heap   total 258048K, used 8609K [0x0000000705800000, 0x0000000800000000)
  region size 2048K, 1 young (2048K), 1 survivors (2048K)
 Metaspace       used 12977K, committed 13312K, reserved 1114112K
  class space    used 1431K, committed 1600K, reserved 1048576K
}
Event: 2.578 GC heap before
{Heap before GC invocations=2 (full 0):
 garbage-first heap   total 258048K, used 43425K [0x0000000705800000, 0x0000000800000000)
  region size 2048K, 19 young (38912K), 1 survivors (2048K)
 Metaspace       used 21113K, committed 21504K, reserved 1114112K
  class space    used 2468K, committed 2688K, reserved 1048576K
}
Event: 2.581 GC heap after
{Heap after GC invocations=3 (full 0):
 garbage-first heap   total 258048K, used 10770K [0x0000000705800000, 0x0000000800000000)
  region size 2048K, 2 young (4096K), 2 survivors (4096K)
 Metaspace       used 21113K, committed 21504K, reserved 1114112K
  class space    used 2468K, committed 2688K, reserved 1048576K
}
Event: 3.003 GC heap before
{Heap before GC invocations=4 (full 0):
 garbage-first heap   total 40960K, used 39442K [0x0000000705800000, 0x0000000800000000)
  region size 2048K, 16 young (32768K), 2 survivors (4096K)
 Metaspace       used 26569K, committed 26944K, reserved 1114112K
  class space    used 3116K, committed 3264K, reserved 1048576K
}
Event: 3.008 GC heap after
{Heap after GC invocations=5 (full 0):
 garbage-first heap   total 49152K, used 13419K [0x0000000705800000, 0x0000000800000000)
  region size 2048K, 4 young (8192K), 4 survivors (8192K)
 Metaspace       used 26569K, committed 26944K, reserved 1114112K
  class space    used 3116K, committed 3264K, reserved 1048576K
}
Event: 3.335 GC heap before
{Heap before GC invocations=5 (full 0):
 garbage-first heap   total 49152K, used 33899K [0x0000000705800000, 0x0000000800000000)
  region size 2048K, 14 young (28672K), 4 survivors (8192K)
 Metaspace       used 28439K, committed 28864K, reserved 1114112K
  class space    used 3424K, committed 3648K, reserved 1048576K
}
Event: 3.340 GC heap after
{Heap after GC invocations=6 (full 0):
 garbage-first heap   total 49152K, used 14873K [0x0000000705800000, 0x0000000800000000)
  region size 2048K, 1 young (2048K), 1 survivors (2048K)
 Metaspace       used 28439K, committed 28864K, reserved 1114112K
  class space    used 3424K, committed 3648K, reserved 1048576K
}
Event: 3.919 GC heap before
{Heap before GC invocations=6 (full 0):
 garbage-first heap   total 49152K, used 37401K [0x0000000705800000, 0x0000000800000000)
  region size 2048K, 12 young (24576K), 1 survivors (2048K)
 Metaspace       used 31261K, committed 31744K, reserved 1114112K
  class space    used 3792K, committed 4032K, reserved 1048576K
}
Event: 3.921 GC heap after
{Heap after GC invocations=7 (full 0):
 garbage-first heap   total 49152K, used 16189K [0x0000000705800000, 0x0000000800000000)
  region size 2048K, 2 young (4096K), 2 survivors (4096K)
 Metaspace       used 31261K, committed 31744K, reserved 1114112K
  class space    used 3792K, committed 4032K, reserved 1048576K
}
Event: 4.611 GC heap before
{Heap before GC invocations=7 (full 0):
 garbage-first heap   total 49152K, used 36669K [0x0000000705800000, 0x0000000800000000)
  region size 2048K, 12 young (24576K), 2 survivors (4096K)
 Metaspace       used 35308K, committed 35840K, reserved 1114112K
  class space    used 4373K, committed 4608K, reserved 1048576K
}
Event: 4.614 GC heap after
{Heap after GC invocations=8 (full 0):
 garbage-first heap   total 49152K, used 18275K [0x0000000705800000, 0x0000000800000000)
  region size 2048K, 2 young (4096K), 2 survivors (4096K)
 Metaspace       used 35308K, committed 35840K, reserved 1114112K
  class space    used 4373K, committed 4608K, reserved 1048576K
}
Event: 4.633 GC heap before
{Heap before GC invocations=8 (full 0):
 garbage-first heap   total 49152K, used 18275K [0x0000000705800000, 0x0000000800000000)
  region size 2048K, 3 young (6144K), 2 survivors (4096K)
 Metaspace       used 35445K, committed 35968K, reserved 1114112K
  class space    used 4391K, committed 4672K, reserved 1048576K
}
Event: 4.635 GC heap after
{Heap after GC invocations=9 (full 0):
 garbage-first heap   total 49152K, used 18201K [0x0000000705800000, 0x0000000800000000)
  region size 2048K, 2 young (4096K), 2 survivors (4096K)
 Metaspace       used 35445K, committed 35968K, reserved 1114112K
  class space    used 4391K, committed 4672K, reserved 1048576K
}
Event: 5.222 GC heap before
{Heap before GC invocations=10 (full 0):
 garbage-first heap   total 49152K, used 38681K [0x0000000705800000, 0x0000000800000000)
  region size 2048K, 12 young (24576K), 2 survivors (4096K)
 Metaspace       used 38967K, committed 39552K, reserved 1114112K
  class space    used 4800K, committed 5056K, reserved 1048576K
}
Event: 5.225 GC heap after
{Heap after GC invocations=11 (full 0):
 garbage-first heap   total 153600K, used 19793K [0x0000000705800000, 0x0000000800000000)
  region size 2048K, 2 young (4096K), 2 survivors (4096K)
 Metaspace       used 38967K, committed 39552K, reserved 1114112K
  class space    used 4800K, committed 5056K, reserved 1048576K
}

