# JRE version: OpenJDK Runtime Environment Microsoft-11933218 (21.0.8+9) (build 21.0.8+9-LTS)
# Java VM: OpenJDK 64-Bit Server VM Microsoft-11933218 (21.0.8+9-LTS, mixed mode, emulated-client, sharing, tiered, compressed oops, compressed class ptrs, g1 gc, windows-amd64)
GC Precious Log:
 CardTable entry size: 512
 Card Set container configuration: InlinePtr #cards 4 size 8 Array Of Cards #cards 16 size 48 Howl #buckets 8 coarsen threshold 3686 Howl Bitmap #cards 512 size 80 coarsen threshold 460 Card regions per heap region 1 cards per card region 4096
 CPUs: 12 total, 12 available
 Memory: 16024M
 Large Page Support: Disabled
 NUMA Support: Disabled
 Compressed Oops: Enabled (Zero based)
 Heap Region Size: 2M
 Heap Min Capacity: 8M
 Heap Initial Capacity: 252M
 Heap Max Capacity: 4008M
 Pre-touch: Disabled
 Parallel Workers: 10
 Concurrent Workers: 3
 Concurrent Refinement Workers: 10
 Periodic GC: Disabled
Heap:
 garbage-first heap   total 131072K, used 127160K [0x0000000705800000, 0x0000000800000000)
  region size 2048K, 6 young (12288K), 2 survivors (4096K)
 Metaspace       used 52193K, committed 52928K, reserved 1114112K
  class space    used 7432K, committed 7744K, reserved 1048576K
GC Heap History (20 events):
Event: 0.746 GC heap before
{Heap before GC invocations=0 (full 0):
 garbage-first heap   total 258048K, used 22528K [0x0000000705800000, 0x0000000800000000)
  region size 2048K, 11 young (22528K), 0 survivors (0K)
 Metaspace       used 4854K, committed 4992K, reserved 1114112K
  class space    used 639K, committed 704K, reserved 1048576K
}
Event: 0.749 GC heap after
{Heap after GC invocations=1 (full 0):
 garbage-first heap   total 258048K, used 5504K [0x0000000705800000, 0x0000000800000000)
  region size 2048K, 2 young (4096K), 2 survivors (4096K)
 Metaspace       used 4854K, committed 4992K, reserved 1114112K
  class space    used 639K, committed 704K, reserved 1048576K
}
Event: 1.493 GC heap before
{Heap before GC invocations=1 (full 0):
 garbage-first heap   total 258048K, used 34176K [0x0000000705800000, 0x0000000800000000)
  region size 2048K, 16 young (32768K), 2 survivors (4096K)
 Metaspace       used 11836K, committed 12224K, reserved 1114112K
  class space    used 1650K, committed 1856K, reserved 1048576K
}
Event: 1.498 GC heap after
{Heap after GC invocations=2 (full 0):
 garbage-first heap   total 258048K, used 8634K [0x0000000705800000, 0x0000000800000000)
  region size 2048K, 2 young (4096K), 2 survivors (4096K)
 Metaspace       used 11836K, committed 12224K, reserved 1114112K
  class space    used 1650K, committed 1856K, reserved 1048576K
}
Event: 2.113 GC heap before
{Heap before GC invocations=2 (full 0):
 garbage-first heap   total 258048K, used 49594K [0x0000000705800000, 0x0000000800000000)
  region size 2048K, 24 young (49152K), 2 survivors (4096K)
 Metaspace       used 21131K, committed 21504K, reserved 1114112K
  class space    used 2948K, committed 3136K, reserved 1048576K
}
Event: 2.117 GC heap after
{Heap after GC invocations=3 (full 0):
 garbage-first heap   total 258048K, used 12263K [0x0000000705800000, 0x0000000800000000)
  region size 2048K, 4 young (8192K), 4 survivors (8192K)
 Metaspace       used 21131K, committed 21504K, reserved 1114112K
  class space    used 2948K, committed 3136K, reserved 1048576K
}
Event: 2.503 GC heap before
{Heap before GC invocations=4 (full 0):
 garbage-first heap   total 49152K, used 47079K [0x0000000705800000, 0x0000000800000000)
  region size 2048K, 21 young (43008K), 4 survivors (8192K)
 Metaspace       used 24319K, committed 24768K, reserved 1114112K
  class space    used 3423K, committed 3584K, reserved 1048576K
}
Event: 2.508 GC heap after
{Heap after GC invocations=5 (full 0):
 garbage-first heap   total 59392K, used 14983K [0x0000000705800000, 0x0000000800000000)
  region size 2048K, 5 young (10240K), 5 survivors (10240K)
 Metaspace       used 24319K, committed 24768K, reserved 1114112K
  class space    used 3423K, committed 3584K, reserved 1048576K
}
Event: 2.806 GC heap before
{Heap before GC invocations=5 (full 0):
 garbage-first heap   total 59392K, used 39559K [0x0000000705800000, 0x0000000800000000)
  region size 2048K, 17 young (34816K), 5 survivors (10240K)
 Metaspace       used 28968K, committed 29504K, reserved 1114112K
  class space    used 4095K, committed 4352K, reserved 1048576K
}
Event: 2.812 GC heap after
{Heap after GC invocations=6 (full 0):
 garbage-first heap   total 59392K, used 16750K [0x0000000705800000, 0x0000000800000000)
  region size 2048K, 3 young (6144K), 3 survivors (6144K)
 Metaspace       used 28968K, committed 29504K, reserved 1114112K
  class space    used 4095K, committed 4352K, reserved 1048576K
}
Event: 3.158 GC heap before
{Heap before GC invocations=6 (full 0):
 garbage-first heap   total 59392K, used 45422K [0x0000000705800000, 0x0000000800000000)
  region size 2048K, 17 young (34816K), 3 survivors (6144K)
 Metaspace       used 34610K, committed 35136K, reserved 1114112K
  class space    used 4930K, committed 5184K, reserved 1048576K
}
Event: 3.163 GC heap after
{Heap after GC invocations=7 (full 0):
 garbage-first heap   total 59392K, used 19837K [0x0000000705800000, 0x0000000800000000)
  region size 2048K, 3 young (6144K), 3 survivors (6144K)
 Metaspace       used 34610K, committed 35136K, reserved 1114112K
  class space    used 4930K, committed 5184K, reserved 1048576K
}
Event: 3.202 GC heap before
{Heap before GC invocations=7 (full 0):
 garbage-first heap   total 59392K, used 21885K [0x0000000705800000, 0x0000000800000000)
  region size 2048K, 5 young (10240K), 3 survivors (6144K)
 Metaspace       used 35511K, committed 36096K, reserved 1114112K
  class space    used 5055K, committed 5312K, reserved 1048576K
}
Event: 3.205 GC heap after
{Heap after GC invocations=8 (full 0):
 garbage-first heap   total 159744K, used 20079K [0x0000000705800000, 0x0000000800000000)
  region size 2048K, 2 young (4096K), 2 survivors (4096K)
 Metaspace       used 35511K, committed 36096K, reserved 1114112K
  class space    used 5055K, committed 5312K, reserved 1048576K
}
Event: 3.852 GC heap before
{Heap before GC invocations=9 (full 0):
 garbage-first heap   total 75776K, used 61039K [0x0000000705800000, 0x0000000800000000)
  region size 2048K, 22 young (45056K), 2 survivors (4096K)
 Metaspace       used 40806K, committed 41536K, reserved 1114112K
  class space    used 5879K, committed 6208K, reserved 1048576K
}
Event: 3.858 GC heap after
{Heap after GC invocations=10 (full 0):
 garbage-first heap   total 75776K, used 23660K [0x0000000705800000, 0x0000000800000000)
  region size 2048K, 3 young (6144K), 3 survivors (6144K)
 Metaspace       used 40806K, committed 41536K, reserved 1114112K
  class space    used 5879K, committed 6208K, reserved 1048576K
}
Event: 20.475 GC heap before
{Heap before GC invocations=10 (full 0):
 garbage-first heap   total 75776K, used 58476K [0x0000000705800000, 0x0000000800000000)
  region size 2048K, 21 young (43008K), 3 survivors (6144K)
 Metaspace       used 48222K, committed 48960K, reserved 1114112K
  class space    used 6862K, committed 7168K, reserved 1048576K
}
Event: 20.490 GC heap after
{Heap after GC invocations=11 (full 0):
 garbage-first heap   total 75776K, used 25776K [0x0000000705800000, 0x0000000800000000)
  region size 2048K, 2 young (4096K), 2 survivors (4096K)
 Metaspace       used 48222K, committed 48960K, reserved 1114112K
  class space    used 6862K, committed 7168K, reserved 1048576K
}
Event: 30.453 GC heap before
{Heap before GC invocations=11 (full 0):
 garbage-first heap   total 75776K, used 56496K [0x0000000705800000, 0x0000000800000000)
  region size 2048K, 14 young (28672K), 2 survivors (4096K)
 Metaspace       used 52100K, committed 52864K, reserved 1114112K
  class space    used 7409K, committed 7744K, reserved 1048576K
}
Event: 30.458 GC heap after
{Heap after GC invocations=12 (full 0):
 garbage-first heap   total 75776K, used 37155K [0x0000000705800000, 0x0000000800000000)
  region size 2048K, 2 young (4096K), 2 survivors (4096K)
 Metaspace       used 52100K, committed 52864K, reserved 1114112K
  class space    used 7409K, committed 7744K, reserved 1048576K
}

