# JRE version: OpenJDK Runtime Environment Microsoft-11933218 (21.0.8+9) (build 21.0.8+9-LTS)
# Java VM: OpenJDK 64-Bit Server VM Microsoft-11933218 (21.0.8+9-LTS, mixed mode, emulated-client, sharing, tiered, compressed oops, compressed class ptrs, g1 gc, windows-amd64)
GC Precious Log:
 CardTable entry size: 512
 Card Set container configuration: InlinePtr #cards 4 size 8 Array Of Cards #cards 16 size 48 Howl #buckets 8 coarsen threshold 3686 Howl Bitmap #cards 512 size 80 coarsen threshold 460 Card regions per heap region 1 cards per card region 4096
 CPUs: 12 total, 12 available
 Memory: 16024M
 Large Page Support: Disabled
 NUMA Support: Disabled
 Compressed Oops: Enabled (Zero based)
 Heap Region Size: 2M
 Heap Min Capacity: 8M
 Heap Initial Capacity: 252M
 Heap Max Capacity: 4008M
 Pre-touch: Disabled
 Parallel Workers: 10
 Concurrent Workers: 3
 Concurrent Refinement Workers: 10
 Periodic GC: Disabled
Heap:
 garbage-first heap   total 307200K, used 79291K [0x0000000705800000, 0x0000000800000000)
  region size 2048K, 4 young (8192K), 4 survivors (8192K)
 Metaspace       used 53256K, committed 54016K, reserved 1114112K
  class space    used 7341K, committed 7680K, reserved 1048576K
GC Heap History (20 events):
Event: 2.740 GC heap after
{Heap after GC invocations=9 (full 0):
 garbage-first heap   total 49152K, used 17960K [0x0000000705800000, 0x0000000800000000)
  region size 2048K, 1 young (2048K), 1 survivors (2048K)
 Metaspace       used 35574K, committed 36096K, reserved 1114112K
  class space    used 4700K, committed 4928K, reserved 1048576K
}
Event: 2.981 GC heap before
{Heap before GC invocations=10 (full 0):
 garbage-first heap   total 49152K, used 38440K [0x0000000705800000, 0x0000000800000000)
  region size 2048K, 11 young (22528K), 1 survivors (2048K)
 Metaspace       used 39911K, committed 40512K, reserved 1114112K
  class space    used 5334K, committed 5632K, reserved 1048576K
}
Event: 2.984 GC heap after
{Heap after GC invocations=11 (full 0):
 garbage-first heap   total 153600K, used 19654K [0x0000000705800000, 0x0000000800000000)
  region size 2048K, 2 young (4096K), 2 survivors (4096K)
 Metaspace       used 39911K, committed 40512K, reserved 1114112K
  class space    used 5334K, committed 5632K, reserved 1048576K
}
Event: 10.407 GC heap before
{Heap before GC invocations=11 (full 0):
 garbage-first heap   total 153600K, used 117958K [0x0000000705800000, 0x0000000800000000)
  region size 2048K, 45 young (92160K), 2 survivors (4096K)
 Metaspace       used 52058K, committed 52736K, reserved 1114112K
  class space    used 7165K, committed 7488K, reserved 1048576K
}
Event: 10.415 GC heap after
{Heap after GC invocations=12 (full 0):
 garbage-first heap   total 153600K, used 40763K [0x0000000705800000, 0x0000000800000000)
  region size 2048K, 6 young (12288K), 6 survivors (12288K)
 Metaspace       used 52058K, committed 52736K, reserved 1114112K
  class space    used 7165K, committed 7488K, reserved 1048576K
}
Event: 10.452 GC heap before
{Heap before GC invocations=12 (full 0):
 garbage-first heap   total 153600K, used 89915K [0x0000000705800000, 0x0000000800000000)
  region size 2048K, 13 young (26624K), 6 survivors (12288K)
 Metaspace       used 52259K, committed 53056K, reserved 1114112K
  class space    used 7206K, committed 7552K, reserved 1048576K
}
Event: 10.456 GC heap after
{Heap after GC invocations=13 (full 0):
 garbage-first heap   total 153600K, used 59530K [0x0000000705800000, 0x0000000800000000)
  region size 2048K, 3 young (6144K), 3 survivors (6144K)
 Metaspace       used 52259K, committed 53056K, reserved 1114112K
  class space    used 7206K, committed 7552K, reserved 1048576K
}
Event: 10.470 GC heap before
{Heap before GC invocations=13 (full 0):
 garbage-first heap   total 153600K, used 73866K [0x0000000705800000, 0x0000000800000000)
  region size 2048K, 4 young (8192K), 3 survivors (6144K)
 Metaspace       used 52293K, committed 53056K, reserved 1114112K
  class space    used 7212K, committed 7552K, reserved 1048576K
}
Event: 10.471 GC heap after
{Heap after GC invocations=14 (full 0):
 garbage-first heap   total 153600K, used 53217K [0x0000000705800000, 0x0000000800000000)
  region size 2048K, 2 young (4096K), 2 survivors (4096K)
 Metaspace       used 52293K, committed 53056K, reserved 1114112K
  class space    used 7212K, committed 7552K, reserved 1048576K
}
Event: 10.474 GC heap before
{Heap before GC invocations=14 (full 0):
 garbage-first heap   total 153600K, used 67553K [0x0000000705800000, 0x0000000800000000)
  region size 2048K, 4 young (8192K), 2 survivors (4096K)
 Metaspace       used 52313K, committed 53056K, reserved 1114112K
  class space    used 7214K, committed 7552K, reserved 1048576K
}
Event: 10.475 GC heap after
{Heap after GC invocations=15 (full 0):
 garbage-first heap   total 153600K, used 60517K [0x0000000705800000, 0x0000000800000000)
  region size 2048K, 2 young (4096K), 2 survivors (4096K)
 Metaspace       used 52313K, committed 53056K, reserved 1114112K
  class space    used 7214K, committed 7552K, reserved 1048576K
}
Event: 10.477 GC heap before
{Heap before GC invocations=15 (full 0):
 garbage-first heap   total 153600K, used 68709K [0x0000000705800000, 0x0000000800000000)
  region size 2048K, 3 young (6144K), 2 survivors (4096K)
 Metaspace       used 52319K, committed 53056K, reserved 1114112K
  class space    used 7214K, committed 7552K, reserved 1048576K
}
Event: 10.479 GC heap after
{Heap after GC invocations=16 (full 0):
 garbage-first heap   total 307200K, used 60520K [0x0000000705800000, 0x0000000800000000)
  region size 2048K, 2 young (4096K), 2 survivors (4096K)
 Metaspace       used 52319K, committed 53056K, reserved 1114112K
  class space    used 7214K, committed 7552K, reserved 1048576K
}
Event: 10.595 GC heap before
{Heap before GC invocations=16 (full 0):
 garbage-first heap   total 307200K, used 154728K [0x0000000705800000, 0x0000000800000000)
  region size 2048K, 12 young (24576K), 2 survivors (4096K)
 Metaspace       used 53251K, committed 54016K, reserved 1114112K
  class space    used 7340K, committed 7680K, reserved 1048576K
}
Event: 10.598 GC heap after
{Heap after GC invocations=17 (full 0):
 garbage-first heap   total 307200K, used 70145K [0x0000000705800000, 0x0000000800000000)
  region size 2048K, 4 young (8192K), 4 survivors (8192K)
 Metaspace       used 53251K, committed 54016K, reserved 1114112K
  class space    used 7340K, committed 7680K, reserved 1048576K
}
Event: 10.829 GC heap before
{Heap before GC invocations=17 (full 0):
 garbage-first heap   total 307200K, used 174593K [0x0000000705800000, 0x0000000800000000)
  region size 2048K, 21 young (43008K), 4 survivors (8192K)
 Metaspace       used 53256K, committed 54016K, reserved 1114112K
  class space    used 7341K, committed 7680K, reserved 1048576K
}
Event: 10.832 GC heap after
{Heap after GC invocations=18 (full 0):
 garbage-first heap   total 307200K, used 73923K [0x0000000705800000, 0x0000000800000000)
  region size 2048K, 4 young (8192K), 4 survivors (8192K)
 Metaspace       used 53256K, committed 54016K, reserved 1114112K
  class space    used 7341K, committed 7680K, reserved 1048576K
}
Event: 10.870 GC heap before
{Heap before GC invocations=18 (full 0):
 garbage-first heap   total 307200K, used 149699K [0x0000000705800000, 0x0000000800000000)
  region size 2048K, 8 young (16384K), 4 survivors (8192K)
 Metaspace       used 53256K, committed 54016K, reserved 1114112K
  class space    used 7341K, committed 7680K, reserved 1048576K
}
Event: 10.872 GC heap after
{Heap after GC invocations=19 (full 0):
 garbage-first heap   total 307200K, used 90428K [0x0000000705800000, 0x0000000800000000)
  region size 2048K, 3 young (6144K), 3 survivors (6144K)
 Metaspace       used 53256K, committed 54016K, reserved 1114112K
  class space    used 7341K, committed 7680K, reserved 1048576K
}
Event: 10.956 GC heap before
{Heap before GC invocations=19 (full 0):
 garbage-first heap   total 307200K, used 168252K [0x0000000705800000, 0x0000000800000000)
  region size 2048K, 18 young (36864K), 3 survivors (6144K)
 Metaspace       used 53256K, committed 54016K, reserved 1114112K
  class space    used 7341K, committed 7680K, reserved 1048576K
}

