# JRE version: OpenJDK Runtime Environment Microsoft-11933218 (21.0.8+9) (build 21.0.8+9-LTS)
# Java VM: OpenJDK 64-Bit Server VM Microsoft-11933218 (21.0.8+9-LTS, mixed mode, emulated-client, sharing, tiered, compressed oops, compressed class ptrs, g1 gc, windows-amd64)
GC Precious Log:
 CardTable entry size: 512
 Card Set container configuration: InlinePtr #cards 4 size 8 Array Of Cards #cards 16 size 48 Howl #buckets 8 coarsen threshold 3686 Howl Bitmap #cards 512 size 80 coarsen threshold 460 Card regions per heap region 1 cards per card region 4096
 CPUs: 12 total, 12 available
 Memory: 16024M
 Large Page Support: Disabled
 NUMA Support: Disabled
 Compressed Oops: Enabled (Zero based)
 Heap Region Size: 2M
 Heap Min Capacity: 8M
 Heap Initial Capacity: 252M
 Heap Max Capacity: 4008M
 Pre-touch: Disabled
 Parallel Workers: 10
 Concurrent Workers: 3
 Concurrent Refinement Workers: 10
 Periodic GC: Disabled
Heap:
 garbage-first heap   total 358400K, used 355076K [0x0000000705800000, 0x0000000800000000)
  region size 2048K, 9 young (18432K), 1 survivors (2048K)
 Metaspace       used 51238K, committed 51968K, reserved 1114112K
  class space    used 7329K, committed 7680K, reserved 1048576K
GC Heap History (20 events):
Event: 1.177 GC heap after
{Heap after GC invocations=3 (full 0):
 garbage-first heap   total 258048K, used 12458K [0x0000000705800000, 0x0000000800000000)
  region size 2048K, 4 young (8192K), 4 survivors (8192K)
 Metaspace       used 21130K, committed 21504K, reserved 1114112K
  class space    used 2948K, committed 3136K, reserved 1048576K
}
Event: 1.531 GC heap before
{Heap before GC invocations=4 (full 0):
 garbage-first heap   total 49152K, used 47274K [0x0000000705800000, 0x0000000800000000)
  region size 2048K, 21 young (43008K), 4 survivors (8192K)
 Metaspace       used 24318K, committed 24768K, reserved 1114112K
  class space    used 3423K, committed 3584K, reserved 1048576K
}
Event: 1.537 GC heap after
{Heap after GC invocations=5 (full 0):
 garbage-first heap   total 59392K, used 14846K [0x0000000705800000, 0x0000000800000000)
  region size 2048K, 5 young (10240K), 5 survivors (10240K)
 Metaspace       used 24318K, committed 24768K, reserved 1114112K
  class space    used 3423K, committed 3584K, reserved 1048576K
}
Event: 1.811 GC heap before
{Heap before GC invocations=5 (full 0):
 garbage-first heap   total 59392K, used 39422K [0x0000000705800000, 0x0000000800000000)
  region size 2048K, 17 young (34816K), 5 survivors (10240K)
 Metaspace       used 28968K, committed 29504K, reserved 1114112K
  class space    used 4093K, committed 4352K, reserved 1048576K
}
Event: 1.820 GC heap after
{Heap after GC invocations=6 (full 0):
 garbage-first heap   total 59392K, used 16980K [0x0000000705800000, 0x0000000800000000)
  region size 2048K, 3 young (6144K), 3 survivors (6144K)
 Metaspace       used 28968K, committed 29504K, reserved 1114112K
  class space    used 4093K, committed 4352K, reserved 1048576K
}
Event: 2.122 GC heap before
{Heap before GC invocations=6 (full 0):
 garbage-first heap   total 59392K, used 45652K [0x0000000705800000, 0x0000000800000000)
  region size 2048K, 17 young (34816K), 3 survivors (6144K)
 Metaspace       used 34636K, committed 35200K, reserved 1114112K
  class space    used 4934K, committed 5184K, reserved 1048576K
}
Event: 2.125 GC heap after
{Heap after GC invocations=7 (full 0):
 garbage-first heap   total 59392K, used 19539K [0x0000000705800000, 0x0000000800000000)
  region size 2048K, 3 young (6144K), 3 survivors (6144K)
 Metaspace       used 34636K, committed 35200K, reserved 1114112K
  class space    used 4934K, committed 5184K, reserved 1048576K
}
Event: 2.157 GC heap before
{Heap before GC invocations=7 (full 0):
 garbage-first heap   total 59392K, used 21587K [0x0000000705800000, 0x0000000800000000)
  region size 2048K, 5 young (10240K), 3 survivors (6144K)
 Metaspace       used 35507K, committed 36096K, reserved 1114112K
  class space    used 5052K, committed 5312K, reserved 1048576K
}
Event: 2.160 GC heap after
{Heap after GC invocations=8 (full 0):
 garbage-first heap   total 159744K, used 20319K [0x0000000705800000, 0x0000000800000000)
  region size 2048K, 2 young (4096K), 2 survivors (4096K)
 Metaspace       used 35507K, committed 36096K, reserved 1114112K
  class space    used 5052K, committed 5312K, reserved 1048576K
}
Event: 2.558 GC heap before
{Heap before GC invocations=9 (full 0):
 garbage-first heap   total 75776K, used 61279K [0x0000000705800000, 0x0000000800000000)
  region size 2048K, 22 young (45056K), 2 survivors (4096K)
 Metaspace       used 40802K, committed 41472K, reserved 1114112K
  class space    used 5877K, committed 6208K, reserved 1048576K
}
Event: 2.563 GC heap after
{Heap after GC invocations=10 (full 0):
 garbage-first heap   total 75776K, used 23655K [0x0000000705800000, 0x0000000800000000)
  region size 2048K, 3 young (6144K), 3 survivors (6144K)
 Metaspace       used 40802K, committed 41472K, reserved 1114112K
  class space    used 5877K, committed 6208K, reserved 1048576K
}
Event: 19.249 GC heap before
{Heap before GC invocations=10 (full 0):
 garbage-first heap   total 75776K, used 58471K [0x0000000705800000, 0x0000000800000000)
  region size 2048K, 21 young (43008K), 3 survivors (6144K)
 Metaspace       used 48221K, committed 48960K, reserved 1114112K
  class space    used 6861K, committed 7168K, reserved 1048576K
}
Event: 19.255 GC heap after
{Heap after GC invocations=11 (full 0):
 garbage-first heap   total 75776K, used 26297K [0x0000000705800000, 0x0000000800000000)
  region size 2048K, 2 young (4096K), 2 survivors (4096K)
 Metaspace       used 48221K, committed 48960K, reserved 1114112K
  class space    used 6861K, committed 7168K, reserved 1048576K
}
Event: 19.402 GC heap before
{Heap before GC invocations=11 (full 0):
 garbage-first heap   total 75776K, used 42681K [0x0000000705800000, 0x0000000800000000)
  region size 2048K, 9 young (18432K), 2 survivors (4096K)
 Metaspace       used 50845K, committed 51520K, reserved 1114112K
  class space    used 7259K, committed 7552K, reserved 1048576K
}
Event: 19.404 GC heap after
{Heap after GC invocations=12 (full 0):
 garbage-first heap   total 75776K, used 33141K [0x0000000705800000, 0x0000000800000000)
  region size 2048K, 2 young (4096K), 2 survivors (4096K)
 Metaspace       used 50845K, committed 51520K, reserved 1114112K
  class space    used 7259K, committed 7552K, reserved 1048576K
}
Event: 19.405 GC heap before
{Heap before GC invocations=12 (full 0):
 garbage-first heap   total 75776K, used 37237K [0x0000000705800000, 0x0000000800000000)
  region size 2048K, 3 young (6144K), 2 survivors (4096K)
 Metaspace       used 50845K, committed 51520K, reserved 1114112K
  class space    used 7259K, committed 7552K, reserved 1048576K
}
Event: 19.407 GC heap after
{Heap after GC invocations=13 (full 0):
 garbage-first heap   total 75776K, used 37247K [0x0000000705800000, 0x0000000800000000)
  region size 2048K, 1 young (2048K), 1 survivors (2048K)
 Metaspace       used 50845K, committed 51520K, reserved 1114112K
  class space    used 7259K, committed 7552K, reserved 1048576K
}
Event: 19.506 GC heap before
{Heap before GC invocations=14 (full 0):
 garbage-first heap   total 194560K, used 190847K [0x0000000705800000, 0x0000000800000000)
  region size 2048K, 6 young (12288K), 1 survivors (2048K)
 Metaspace       used 51238K, committed 51968K, reserved 1114112K
  class space    used 7329K, committed 7680K, reserved 1048576K
}
Event: 19.507 GC heap after
{Heap after GC invocations=15 (full 0):
 garbage-first heap   total 237568K, used 39684K [0x0000000705800000, 0x0000000800000000)
  region size 2048K, 1 young (2048K), 1 survivors (2048K)
 Metaspace       used 51238K, committed 51968K, reserved 1114112K
  class space    used 7329K, committed 7680K, reserved 1048576K
}
Event: 22.352 GC heap before
{Heap before GC invocations=15 (full 0):
 garbage-first heap   total 356352K, used 353028K [0x0000000705800000, 0x0000000800000000)
  region size 2048K, 9 young (18432K), 1 survivors (2048K)
 Metaspace       used 51238K, committed 51968K, reserved 1114112K
  class space    used 7329K, committed 7680K, reserved 1048576K
}

