# JRE version: OpenJDK Runtime Environment Microsoft-11933218 (21.0.8+9) (build 21.0.8+9-LTS)
# Java VM: OpenJDK 64-Bit Server VM Microsoft-11933218 (21.0.8+9-LTS, mixed mode, sharing, tiered, compressed oops, compressed class ptrs, g1 gc, windows-amd64)
GC Precious Log:
 CardTable entry size: 512
 Card Set container configuration: InlinePtr #cards 4 size 8 Array Of Cards #cards 16 size 48 Howl #buckets 8 coarsen threshold 3686 Howl Bitmap #cards 512 size 80 coarsen threshold 460 Card regions per heap region 1 cards per card region 4096
 CPUs: 12 total, 12 available
 Memory: 16024M
 Large Page Support: Disabled
 NUMA Support: Disabled
 Compressed Oops: Enabled (Zero based)
 Heap Region Size: 2M
 Heap Min Capacity: 8M
 Heap Initial Capacity: 252M
 Heap Max Capacity: 4008M
 Pre-touch: Disabled
 Parallel Workers: 10
 Concurrent Workers: 3
 Concurrent Refinement Workers: 10
 Periodic GC: Disabled
Heap:
 garbage-first heap   total 96256K, used 72746K [0x0000000705800000, 0x0000000800000000)
  region size 2048K, 25 young (51200K), 1 survivors (2048K)
 Metaspace       used 59329K, committed 60352K, reserved 1114112K
  class space    used 7405K, committed 7808K, reserved 1048576K
GC Heap History (20 events):
Event: 78746.876 GC heap before
{Heap before GC invocations=18 (full 0):
 garbage-first heap   total 149504K, used 111603K [0x0000000705800000, 0x0000000800000000)
  region size 2048K, 43 young (88064K), 1 survivors (2048K)
 Metaspace       used 59505K, committed 60224K, reserved 1114112K
  class space    used 7488K, committed 7808K, reserved 1048576K
}
Event: 78746.892 GC heap after
{Heap after GC invocations=19 (full 0):
 garbage-first heap   total 149504K, used 25616K [0x0000000705800000, 0x0000000800000000)
  region size 2048K, 1 young (2048K), 1 survivors (2048K)
 Metaspace       used 59505K, committed 60224K, reserved 1114112K
  class space    used 7488K, committed 7808K, reserved 1048576K
}
Event: 80961.818 GC heap before
{Heap before GC invocations=19 (full 0):
 garbage-first heap   total 149504K, used 111632K [0x0000000705800000, 0x0000000800000000)
  region size 2048K, 43 young (88064K), 1 survivors (2048K)
 Metaspace       used 59512K, committed 60224K, reserved 1114112K
  class space    used 7489K, committed 7808K, reserved 1048576K
}
Event: 80961.833 GC heap after
{Heap after GC invocations=20 (full 0):
 garbage-first heap   total 149504K, used 25526K [0x0000000705800000, 0x0000000800000000)
  region size 2048K, 1 young (2048K), 1 survivors (2048K)
 Metaspace       used 59512K, committed 60224K, reserved 1114112K
  class space    used 7489K, committed 7808K, reserved 1048576K
}
Event: 83182.095 GC heap before
{Heap before GC invocations=20 (full 0):
 garbage-first heap   total 149504K, used 111542K [0x0000000705800000, 0x0000000800000000)
  region size 2048K, 43 young (88064K), 1 survivors (2048K)
 Metaspace       used 59556K, committed 60288K, reserved 1114112K
  class space    used 7489K, committed 7808K, reserved 1048576K
}
Event: 83182.103 GC heap after
{Heap after GC invocations=21 (full 0):
 garbage-first heap   total 149504K, used 25533K [0x0000000705800000, 0x0000000800000000)
  region size 2048K, 1 young (2048K), 1 survivors (2048K)
 Metaspace       used 59556K, committed 60288K, reserved 1114112K
  class space    used 7489K, committed 7808K, reserved 1048576K
}
Event: 85411.445 GC heap before
{Heap before GC invocations=21 (full 0):
 garbage-first heap   total 149504K, used 111549K [0x0000000705800000, 0x0000000800000000)
  region size 2048K, 43 young (88064K), 1 survivors (2048K)
 Metaspace       used 59556K, committed 60288K, reserved 1114112K
  class space    used 7489K, committed 7808K, reserved 1048576K
}
Event: 85411.464 GC heap after
{Heap after GC invocations=22 (full 0):
 garbage-first heap   total 149504K, used 25586K [0x0000000705800000, 0x0000000800000000)
  region size 2048K, 1 young (2048K), 1 survivors (2048K)
 Metaspace       used 59556K, committed 60288K, reserved 1114112K
  class space    used 7489K, committed 7808K, reserved 1048576K
}
Event: 87637.340 GC heap before
{Heap before GC invocations=22 (full 0):
 garbage-first heap   total 149504K, used 111602K [0x0000000705800000, 0x0000000800000000)
  region size 2048K, 43 young (88064K), 1 survivors (2048K)
 Metaspace       used 59557K, committed 60288K, reserved 1114112K
  class space    used 7490K, committed 7808K, reserved 1048576K
}
Event: 87637.352 GC heap after
{Heap after GC invocations=23 (full 0):
 garbage-first heap   total 149504K, used 25544K [0x0000000705800000, 0x0000000800000000)
  region size 2048K, 1 young (2048K), 1 survivors (2048K)
 Metaspace       used 59557K, committed 60288K, reserved 1114112K
  class space    used 7490K, committed 7808K, reserved 1048576K
}
Event: 89857.849 GC heap before
{Heap before GC invocations=23 (full 0):
 garbage-first heap   total 149504K, used 111560K [0x0000000705800000, 0x0000000800000000)
  region size 2048K, 43 young (88064K), 1 survivors (2048K)
 Metaspace       used 59558K, committed 60288K, reserved 1114112K
  class space    used 7490K, committed 7808K, reserved 1048576K
}
Event: 89857.865 GC heap after
{Heap after GC invocations=24 (full 0):
 garbage-first heap   total 149504K, used 25491K [0x0000000705800000, 0x0000000800000000)
  region size 2048K, 1 young (2048K), 1 survivors (2048K)
 Metaspace       used 59558K, committed 60288K, reserved 1114112K
  class space    used 7490K, committed 7808K, reserved 1048576K
}
Event: 92088.851 GC heap before
{Heap before GC invocations=24 (full 0):
 garbage-first heap   total 149504K, used 111507K [0x0000000705800000, 0x0000000800000000)
  region size 2048K, 43 young (88064K), 1 survivors (2048K)
 Metaspace       used 59562K, committed 60288K, reserved 1114112K
  class space    used 7490K, committed 7808K, reserved 1048576K
}
Event: 92088.858 GC heap after
{Heap after GC invocations=25 (full 0):
 garbage-first heap   total 149504K, used 25479K [0x0000000705800000, 0x0000000800000000)
  region size 2048K, 1 young (2048K), 1 survivors (2048K)
 Metaspace       used 59562K, committed 60288K, reserved 1114112K
  class space    used 7490K, committed 7808K, reserved 1048576K
}
Event: 94282.735 GC heap before
{Heap before GC invocations=25 (full 0):
 garbage-first heap   total 149504K, used 111495K [0x0000000705800000, 0x0000000800000000)
  region size 2048K, 43 young (88064K), 1 survivors (2048K)
 Metaspace       used 59569K, committed 60288K, reserved 1114112K
  class space    used 7490K, committed 7808K, reserved 1048576K
}
Event: 94282.739 GC heap after
{Heap after GC invocations=26 (full 0):
 garbage-first heap   total 149504K, used 25483K [0x0000000705800000, 0x0000000800000000)
  region size 2048K, 1 young (2048K), 1 survivors (2048K)
 Metaspace       used 59569K, committed 60288K, reserved 1114112K
  class space    used 7490K, committed 7808K, reserved 1048576K
}
Event: 96497.269 GC heap before
{Heap before GC invocations=26 (full 0):
 garbage-first heap   total 149504K, used 111499K [0x0000000705800000, 0x0000000800000000)
  region size 2048K, 43 young (88064K), 1 survivors (2048K)
 Metaspace       used 59569K, committed 60288K, reserved 1114112K
  class space    used 7490K, committed 7808K, reserved 1048576K
}
Event: 96497.275 GC heap after
{Heap after GC invocations=27 (full 0):
 garbage-first heap   total 149504K, used 25504K [0x0000000705800000, 0x0000000800000000)
  region size 2048K, 1 young (2048K), 1 survivors (2048K)
 Metaspace       used 59569K, committed 60288K, reserved 1114112K
  class space    used 7490K, committed 7808K, reserved 1048576K
}
Event: 99114.775 GC heap before
{Heap before GC invocations=27 (full 0):
 garbage-first heap   total 149504K, used 33696K [0x0000000705800000, 0x0000000800000000)
  region size 2048K, 6 young (12288K), 1 survivors (2048K)
 Metaspace       used 59602K, committed 60288K, reserved 1114112K
  class space    used 7490K, committed 7808K, reserved 1048576K
}
Event: 99114.802 GC heap after
{Heap after GC invocations=28 (full 0):
 garbage-first heap   total 149504K, used 25642K [0x0000000705800000, 0x0000000800000000)
  region size 2048K, 1 young (2048K), 1 survivors (2048K)
 Metaspace       used 59602K, committed 60288K, reserved 1114112K
  class space    used 7490K, committed 7808K, reserved 1048576K
}

