# JRE version: OpenJDK Runtime Environment Microsoft-11933218 (21.0.8+9) (build 21.0.8+9-LTS)
# Java VM: OpenJDK 64-Bit Server VM Microsoft-11933218 (21.0.8+9-LTS, mixed mode, emulated-client, sharing, tiered, compressed oops, compressed class ptrs, g1 gc, windows-amd64)
GC Precious Log:
 CardTable entry size: 512
 Card Set container configuration: InlinePtr #cards 4 size 8 Array Of Cards #cards 16 size 48 Howl #buckets 8 coarsen threshold 3686 Howl Bitmap #cards 512 size 80 coarsen threshold 460 Card regions per heap region 1 cards per card region 4096
 CPUs: 12 total, 12 available
 Memory: 16024M
 Large Page Support: Disabled
 NUMA Support: Disabled
 Compressed Oops: Enabled (Zero based)
 Heap Region Size: 2M
 Heap Min Capacity: 8M
 Heap Initial Capacity: 252M
 Heap Max Capacity: 4008M
 Pre-touch: Disabled
 Parallel Workers: 10
 Concurrent Workers: 3
 Concurrent Refinement Workers: 10
 Periodic GC: Disabled
Heap:
 garbage-first heap   total 432128K, used 45056K [0x0000000705800000, 0x0000000800000000)
  region size 2048K, 4 young (8192K), 4 survivors (8192K)
 Metaspace       used 51320K, committed 52096K, reserved 1114112K
  class space    used 7342K, committed 7680K, reserved 1048576K
GC Heap History (20 events):
Event: 10.542 GC heap after
{Heap after GC invocations=13 (full 0):
 garbage-first heap   total 159744K, used 57581K [0x0000000705800000, 0x0000000800000000)
  region size 2048K, 5 young (10240K), 5 survivors (10240K)
 Metaspace       used 51122K, committed 51904K, reserved 1114112K
  class space    used 7304K, committed 7680K, reserved 1048576K
}
Event: 10.554 GC heap before
{Heap before GC invocations=13 (full 0):
 garbage-first heap   total 159744K, used 80109K [0x0000000705800000, 0x0000000800000000)
  region size 2048K, 7 young (14336K), 5 survivors (10240K)
 Metaspace       used 51168K, committed 51968K, reserved 1114112K
  class space    used 7314K, committed 7680K, reserved 1048576K
}
Event: 10.557 GC heap after
{Heap after GC invocations=14 (full 0):
 garbage-first heap   total 159744K, used 63447K [0x0000000705800000, 0x0000000800000000)
  region size 2048K, 3 young (6144K), 3 survivors (6144K)
 Metaspace       used 51168K, committed 51968K, reserved 1114112K
  class space    used 7314K, committed 7680K, reserved 1048576K
}
Event: 10.560 GC heap before
{Heap before GC invocations=14 (full 0):
 garbage-first heap   total 159744K, used 71639K [0x0000000705800000, 0x0000000800000000)
  region size 2048K, 4 young (8192K), 3 survivors (6144K)
 Metaspace       used 51168K, committed 51968K, reserved 1114112K
  class space    used 7314K, committed 7680K, reserved 1048576K
}
Event: 10.563 GC heap after
{Heap after GC invocations=15 (full 0):
 garbage-first heap   total 159744K, used 67543K [0x0000000705800000, 0x0000000800000000)
  region size 2048K, 3 young (6144K), 3 survivors (6144K)
 Metaspace       used 51168K, committed 51968K, reserved 1114112K
  class space    used 7314K, committed 7680K, reserved 1048576K
}
Event: 10.571 GC heap before
{Heap before GC invocations=15 (full 0):
 garbage-first heap   total 159744K, used 81879K [0x0000000705800000, 0x0000000800000000)
  region size 2048K, 4 young (8192K), 3 survivors (6144K)
 Metaspace       used 51168K, committed 51968K, reserved 1114112K
  class space    used 7314K, committed 7680K, reserved 1048576K
}
Event: 10.574 GC heap after
{Heap after GC invocations=16 (full 0):
 garbage-first heap   total 159744K, used 67771K [0x0000000705800000, 0x0000000800000000)
  region size 2048K, 3 young (6144K), 3 survivors (6144K)
 Metaspace       used 51168K, committed 51968K, reserved 1114112K
  class space    used 7314K, committed 7680K, reserved 1048576K
}
Event: 10.574 GC heap before
{Heap before GC invocations=16 (full 0):
 garbage-first heap   total 159744K, used 71867K [0x0000000705800000, 0x0000000800000000)
  region size 2048K, 4 young (8192K), 3 survivors (6144K)
 Metaspace       used 51168K, committed 51968K, reserved 1114112K
  class space    used 7314K, committed 7680K, reserved 1048576K
}
Event: 10.578 GC heap after
{Heap after GC invocations=17 (full 0):
 garbage-first heap   total 432128K, used 71646K [0x0000000705800000, 0x0000000800000000)
  region size 2048K, 3 young (6144K), 3 survivors (6144K)
 Metaspace       used 51168K, committed 51968K, reserved 1114112K
  class space    used 7314K, committed 7680K, reserved 1048576K
}
Event: 10.673 GC heap before
{Heap before GC invocations=17 (full 0):
 garbage-first heap   total 432128K, used 204766K [0x0000000705800000, 0x0000000800000000)
  region size 2048K, 10 young (20480K), 3 survivors (6144K)
 Metaspace       used 51182K, committed 51968K, reserved 1114112K
  class space    used 7316K, committed 7680K, reserved 1048576K
}
Event: 10.676 GC heap after
{Heap after GC invocations=18 (full 0):
 garbage-first heap   total 432128K, used 84201K [0x0000000705800000, 0x0000000800000000)
  region size 2048K, 4 young (8192K), 4 survivors (8192K)
 Metaspace       used 51182K, committed 51968K, reserved 1114112K
  class space    used 7316K, committed 7680K, reserved 1048576K
}
Event: 14.339 GC heap before
{Heap before GC invocations=18 (full 0):
 garbage-first heap   total 432128K, used 215273K [0x0000000705800000, 0x0000000800000000)
  region size 2048K, 14 young (28672K), 4 survivors (8192K)
 Metaspace       used 51268K, committed 52032K, reserved 1114112K
  class space    used 7327K, committed 7680K, reserved 1048576K
}
Event: 14.343 GC heap after
{Heap after GC invocations=19 (full 0):
 garbage-first heap   total 432128K, used 61673K [0x0000000705800000, 0x0000000800000000)
  region size 2048K, 4 young (8192K), 4 survivors (8192K)
 Metaspace       used 51268K, committed 52032K, reserved 1114112K
  class space    used 7327K, committed 7680K, reserved 1048576K
}
Event: 14.466 GC heap before
{Heap before GC invocations=19 (full 0):
 garbage-first heap   total 432128K, used 211177K [0x0000000705800000, 0x0000000800000000)
  region size 2048K, 12 young (24576K), 4 survivors (8192K)
 Metaspace       used 51268K, committed 52032K, reserved 1114112K
  class space    used 7327K, committed 7680K, reserved 1048576K
}
Event: 14.469 GC heap after
{Heap after GC invocations=20 (full 0):
 garbage-first heap   total 432128K, used 74248K [0x0000000705800000, 0x0000000800000000)
  region size 2048K, 5 young (10240K), 5 survivors (10240K)
 Metaspace       used 51268K, committed 52032K, reserved 1114112K
  class space    used 7327K, committed 7680K, reserved 1048576K
}
Event: 14.891 GC heap before
{Heap before GC invocations=20 (full 0):
 garbage-first heap   total 432128K, used 223752K [0x0000000705800000, 0x0000000800000000)
  region size 2048K, 17 young (34816K), 5 survivors (10240K)
 Metaspace       used 51289K, committed 52032K, reserved 1114112K
  class space    used 7334K, committed 7680K, reserved 1048576K
}
Event: 14.897 GC heap after
{Heap after GC invocations=21 (full 0):
 garbage-first heap   total 432128K, used 73417K [0x0000000705800000, 0x0000000800000000)
  region size 2048K, 4 young (8192K), 4 survivors (8192K)
 Metaspace       used 51289K, committed 52032K, reserved 1114112K
  class space    used 7334K, committed 7680K, reserved 1048576K
}
Event: 15.046 GC heap before
{Heap before GC invocations=21 (full 0):
 garbage-first heap   total 432128K, used 222921K [0x0000000705800000, 0x0000000800000000)
  region size 2048K, 18 young (36864K), 4 survivors (8192K)
 Metaspace       used 51310K, committed 52096K, reserved 1114112K
  class space    used 7339K, committed 7680K, reserved 1048576K
}
Event: 15.050 GC heap after
{Heap after GC invocations=22 (full 0):
 garbage-first heap   total 432128K, used 67845K [0x0000000705800000, 0x0000000800000000)
  region size 2048K, 3 young (6144K), 3 survivors (6144K)
 Metaspace       used 51310K, committed 52096K, reserved 1114112K
  class space    used 7339K, committed 7680K, reserved 1048576K
}
Event: 124.582 GC heap before
{Heap before GC invocations=22 (full 0):
 garbage-first heap   total 432128K, used 227589K [0x0000000705800000, 0x0000000800000000)
  region size 2048K, 19 young (38912K), 3 survivors (6144K)
 Metaspace       used 51320K, committed 52096K, reserved 1114112K
  class space    used 7342K, committed 7680K, reserved 1048576K
}

