# JRE version: OpenJDK Runtime Environment Microsoft-11933218 (21.0.8+9) (build 21.0.8+9-LTS)
# Java VM: OpenJDK 64-Bit Server VM Microsoft-11933218 (21.0.8+9-LTS, mixed mode, emulated-client, sharing, tiered, compressed oops, compressed class ptrs, g1 gc, windows-amd64)
GC Precious Log:
 CardTable entry size: 512
 Card Set container configuration: InlinePtr #cards 4 size 8 Array Of Cards #cards 16 size 48 Howl #buckets 8 coarsen threshold 3686 Howl Bitmap #cards 512 size 80 coarsen threshold 460 Card regions per heap region 1 cards per card region 4096
 CPUs: 12 total, 12 available
 Memory: 16024M
 Large Page Support: Disabled
 NUMA Support: Disabled
 Compressed Oops: Enabled (Zero based)
 Heap Region Size: 2M
 Heap Min Capacity: 8M
 Heap Initial Capacity: 252M
 Heap Max Capacity: 4008M
 Pre-touch: Disabled
 Parallel Workers: 10
 Concurrent Workers: 3
 Concurrent Refinement Workers: 10
 Periodic GC: Disabled
Heap:
 garbage-first heap   total 75776K, used 54585K [0x0000000705800000, 0x0000000800000000)
  region size 2048K, 20 young (40960K), 3 survivors (6144K)
 Metaspace       used 46932K, committed 47680K, reserved 1114112K
  class space    used 6702K, committed 7040K, reserved 1048576K
GC Heap History (16 events):
Event: 0.595 GC heap before
{Heap before GC invocations=0 (full 0):
 garbage-first heap   total 258048K, used 22528K [0x0000000705800000, 0x0000000800000000)
  region size 2048K, 11 young (22528K), 0 survivors (0K)
 Metaspace       used 4800K, committed 4992K, reserved 1114112K
  class space    used 629K, committed 704K, reserved 1048576K
}
Event: 0.600 GC heap after
{Heap after GC invocations=1 (full 0):
 garbage-first heap   total 258048K, used 5439K [0x0000000705800000, 0x0000000800000000)
  region size 2048K, 2 young (4096K), 2 survivors (4096K)
 Metaspace       used 4800K, committed 4992K, reserved 1114112K
  class space    used 629K, committed 704K, reserved 1048576K
}
Event: 1.046 GC heap before
{Heap before GC invocations=1 (full 0):
 garbage-first heap   total 258048K, used 34111K [0x0000000705800000, 0x0000000800000000)
  region size 2048K, 16 young (32768K), 2 survivors (4096K)
 Metaspace       used 11827K, committed 12224K, reserved 1114112K
  class space    used 1647K, committed 1856K, reserved 1048576K
}
Event: 1.050 GC heap after
{Heap after GC invocations=2 (full 0):
 garbage-first heap   total 258048K, used 8497K [0x0000000705800000, 0x0000000800000000)
  region size 2048K, 2 young (4096K), 2 survivors (4096K)
 Metaspace       used 11827K, committed 12224K, reserved 1114112K
  class space    used 1647K, committed 1856K, reserved 1048576K
}
Event: 1.498 GC heap before
{Heap before GC invocations=2 (full 0):
 garbage-first heap   total 258048K, used 51505K [0x0000000705800000, 0x0000000800000000)
  region size 2048K, 25 young (51200K), 2 survivors (4096K)
 Metaspace       used 21129K, committed 21504K, reserved 1114112K
  class space    used 2948K, committed 3136K, reserved 1048576K
}
Event: 1.506 GC heap after
{Heap after GC invocations=3 (full 0):
 garbage-first heap   total 258048K, used 12337K [0x0000000705800000, 0x0000000800000000)
  region size 2048K, 4 young (8192K), 4 survivors (8192K)
 Metaspace       used 21129K, committed 21504K, reserved 1114112K
  class space    used 2948K, committed 3136K, reserved 1048576K
}
Event: 1.948 GC heap before
{Heap before GC invocations=4 (full 0):
 garbage-first heap   total 49152K, used 47153K [0x0000000705800000, 0x0000000800000000)
  region size 2048K, 21 young (43008K), 4 survivors (8192K)
 Metaspace       used 24551K, committed 25024K, reserved 1114112K
  class space    used 3457K, committed 3648K, reserved 1048576K
}
Event: 1.953 GC heap after
{Heap after GC invocations=5 (full 0):
 garbage-first heap   total 59392K, used 15263K [0x0000000705800000, 0x0000000800000000)
  region size 2048K, 5 young (10240K), 5 survivors (10240K)
 Metaspace       used 24551K, committed 25024K, reserved 1114112K
  class space    used 3457K, committed 3648K, reserved 1048576K
}
Event: 2.270 GC heap before
{Heap before GC invocations=5 (full 0):
 garbage-first heap   total 59392K, used 39839K [0x0000000705800000, 0x0000000800000000)
  region size 2048K, 17 young (34816K), 5 survivors (10240K)
 Metaspace       used 28969K, committed 29568K, reserved 1114112K
  class space    used 4098K, committed 4352K, reserved 1048576K
}
Event: 2.277 GC heap after
{Heap after GC invocations=6 (full 0):
 garbage-first heap   total 59392K, used 16976K [0x0000000705800000, 0x0000000800000000)
  region size 2048K, 3 young (6144K), 3 survivors (6144K)
 Metaspace       used 28969K, committed 29568K, reserved 1114112K
  class space    used 4098K, committed 4352K, reserved 1048576K
}
Event: 2.640 GC heap before
{Heap before GC invocations=6 (full 0):
 garbage-first heap   total 59392K, used 43600K [0x0000000705800000, 0x0000000800000000)
  region size 2048K, 17 young (34816K), 3 survivors (6144K)
 Metaspace       used 34595K, committed 35200K, reserved 1114112K
  class space    used 4926K, committed 5184K, reserved 1048576K
}
Event: 2.645 GC heap after
{Heap after GC invocations=7 (full 0):
 garbage-first heap   total 59392K, used 19321K [0x0000000705800000, 0x0000000800000000)
  region size 2048K, 3 young (6144K), 3 survivors (6144K)
 Metaspace       used 34595K, committed 35200K, reserved 1114112K
  class space    used 4926K, committed 5184K, reserved 1048576K
}
Event: 2.682 GC heap before
{Heap before GC invocations=7 (full 0):
 garbage-first heap   total 59392K, used 23417K [0x0000000705800000, 0x0000000800000000)
  region size 2048K, 6 young (12288K), 3 survivors (6144K)
 Metaspace       used 35504K, committed 36096K, reserved 1114112K
  class space    used 5055K, committed 5312K, reserved 1048576K
}
Event: 2.686 GC heap after
{Heap after GC invocations=8 (full 0):
 garbage-first heap   total 159744K, used 20296K [0x0000000705800000, 0x0000000800000000)
  region size 2048K, 2 young (4096K), 2 survivors (4096K)
 Metaspace       used 35504K, committed 36096K, reserved 1114112K
  class space    used 5055K, committed 5312K, reserved 1048576K
}
Event: 3.545 GC heap before
{Heap before GC invocations=9 (full 0):
 garbage-first heap   total 75776K, used 61256K [0x0000000705800000, 0x0000000800000000)
  region size 2048K, 22 young (45056K), 2 survivors (4096K)
 Metaspace       used 40812K, committed 41536K, reserved 1114112K
  class space    used 5884K, committed 6208K, reserved 1048576K
}
Event: 3.548 GC heap after
{Heap after GC invocations=10 (full 0):
 garbage-first heap   total 75776K, used 23865K [0x0000000705800000, 0x0000000800000000)
  region size 2048K, 3 young (6144K), 3 survivors (6144K)
 Metaspace       used 40812K, committed 41536K, reserved 1114112K
  class space    used 5884K, committed 6208K, reserved 1048576K
}

